Copyright 1986-2017 Xilinx, Inc. All Rights Reserved.
------------------------------------------------------------------------------------------------------------------------------------------------------------------------------
| Tool Version : Vivado v.2017.4 (lin64) Build 2086221 Fri Dec 15 20:54:30 MST 2017
| Date         : Mon Apr  8 16:01:46 2019
| Host         : Dbrick running 64-bit Antergos Linux
| Command      : report_timing_summary -delay_type min_max -report_unconstrained -check_timing_verbose -max_paths 3 -nworst 3 -name timing_post_map -file timing_post_map.rpt
| Design       : tbcenc_fixpt
| Device       : 7a200tl-fbg676
| Speed File   : -2L  PRODUCTION 1.13 2017-07-26
------------------------------------------------------------------------------------------------------------------------------------------------------------------------------

Timing Summary Report

------------------------------------------------------------------------------------------------
| Timer Settings
| --------------
------------------------------------------------------------------------------------------------

  Enable Multi Corner Analysis               :  Yes
  Enable Pessimism Removal                   :  Yes
  Pessimism Removal Resolution               :  Nearest Common Node
  Enable Input Delay Default Clock           :  No
  Enable Preset / Clear Arcs                 :  No
  Disable Flight Delays                      :  No
  Ignore I/O Paths                           :  No
  Timing Early Launch at Borrowing Latches   :  false

  Corner  Analyze    Analyze    
  Name    Max Paths  Min Paths  
  ------  ---------  ---------  
  Slow    Yes        Yes        
  Fast    Yes        Yes        



check_timing report

Table of Contents
-----------------
1. checking no_clock
2. checking constant_clock
3. checking pulse_width_clock
4. checking unconstrained_internal_endpoints
5. checking no_input_delay
6. checking no_output_delay
7. checking multiple_clock
8. checking generated_clocks
9. checking loops
10. checking partial_input_delay
11. checking partial_output_delay
12. checking latch_loops

1. checking no_clock
--------------------
 There are 0 register/latch pins with no clock.


2. checking constant_clock
--------------------------
 There are 0 register/latch pins with constant_clock.


3. checking pulse_width_clock
-----------------------------
 There are 0 register/latch pins which need pulse_width check


4. checking unconstrained_internal_endpoints
--------------------------------------------
 There are 0 pins that are not constrained for maximum delay.

 There are 0 pins that are not constrained for maximum delay due to constant clock.


5. checking no_input_delay
--------------------------
 There are 0 input ports with no input delay specified.

 There are 0 input ports with no input delay but user has a false path constraint.


6. checking no_output_delay
---------------------------
 There are 0 ports with no output delay specified.

 There are 0 ports with no output delay but user has a false path constraint

 There are 0 ports with no output delay but with a timing clock defined on it or propagating through it


7. checking multiple_clock
--------------------------
 There are 0 register/latch pins with multiple clocks.


8. checking generated_clocks
----------------------------
 There are 0 generated clocks that are not connected to a clock source.


9. checking loops
-----------------
 There are 0 combinational loops in the design.


10. checking partial_input_delay
--------------------------------
 There are 0 input ports with partial input delay specified.


11. checking partial_output_delay
---------------------------------
 There are 0 ports with partial output delay specified.


12. checking latch_loops
------------------------
 There are 0 combinational latch loops in the design through latch input



------------------------------------------------------------------------------------------------
| Design Timing Summary
| ---------------------
------------------------------------------------------------------------------------------------

    WNS(ns)      TNS(ns)  TNS Failing Endpoints  TNS Total Endpoints      WHS(ns)      THS(ns)  THS Failing Endpoints  THS Total Endpoints     WPWS(ns)     TPWS(ns)  TPWS Failing Endpoints  TPWS Total Endpoints  
    -------      -------  ---------------------  -------------------      -------      -------  ---------------------  -------------------     --------     --------  ----------------------  --------------------  
        inf        0.000                      0                   24          inf        0.000                      0                   24           NA           NA                      NA                    NA  


There are no user specified timing constraints.


------------------------------------------------------------------------------------------------
| Clock Summary
| -------------
------------------------------------------------------------------------------------------------


------------------------------------------------------------------------------------------------
| Intra Clock Table
| -----------------
------------------------------------------------------------------------------------------------

Clock             WNS(ns)      TNS(ns)  TNS Failing Endpoints  TNS Total Endpoints      WHS(ns)      THS(ns)  THS Failing Endpoints  THS Total Endpoints     WPWS(ns)     TPWS(ns)  TPWS Failing Endpoints  TPWS Total Endpoints  
-----             -------      -------  ---------------------  -------------------      -------      -------  ---------------------  -------------------     --------     --------  ----------------------  --------------------  


------------------------------------------------------------------------------------------------
| Inter Clock Table
| -----------------
------------------------------------------------------------------------------------------------

From Clock    To Clock          WNS(ns)      TNS(ns)  TNS Failing Endpoints  TNS Total Endpoints      WHS(ns)      THS(ns)  THS Failing Endpoints  THS Total Endpoints  
----------    --------          -------      -------  ---------------------  -------------------      -------      -------  ---------------------  -------------------  


------------------------------------------------------------------------------------------------
| Other Path Groups Table
| -----------------------
------------------------------------------------------------------------------------------------

Path Group    From Clock    To Clock          WNS(ns)      TNS(ns)  TNS Failing Endpoints  TNS Total Endpoints      WHS(ns)      THS(ns)  THS Failing Endpoints  THS Total Endpoints  
----------    ----------    --------          -------      -------  ---------------------  -------------------      -------      -------  ---------------------  -------------------  


------------------------------------------------------------------------------------------------
| User Ignored Path Table
| -----------------------
------------------------------------------------------------------------------------------------

Path Group    From Clock    To Clock    
----------    ----------    --------    


------------------------------------------------------------------------------------------------
| Unconstrained Path Table
| ------------------------
------------------------------------------------------------------------------------------------

Path Group    From Clock    To Clock    
----------    ----------    --------    
(none)                                    


------------------------------------------------------------------------------------------------
| Timing Details
| --------------
------------------------------------------------------------------------------------------------


--------------------------------------------------------------------------------------
Path Group:  (none)
From Clock:  
  To Clock:  

Max Delay            24 Endpoints
Min Delay            24 Endpoints
--------------------------------------------------------------------------------------


Max Delay Paths
--------------------------------------------------------------------------------------
Slack:                    inf
  Source:                 intlv[0][1]
                            (input port)
  Destination:            output3[6]
                            (output port)
  Path Group:             (none)
  Path Type:              Max at Slow Process Corner
  Data Path Delay:        8.140ns  (logic 4.469ns (54.900%)  route 3.671ns (45.100%))
  Logic Levels:           6  (IBUF=1 LUT3=1 LUT4=1 LUT5=1 LUT6=1 OBUF=1)

    Location             Delay type                Incr(ns)  Path(ns)    Netlist Resource(s)
  -------------------------------------------------------------------    -------------------
                                                      0.000     0.000 r  intlv[0][1] (IN)
                         net (fo=0)                   0.000     0.000    intlv[0][1]
                         IBUF (Prop_ibuf_I_O)         1.001     1.001 r  output3_OBUF[0]_inst_i_4/O
                         net (fo=4, unplaced)         0.809     1.810    output3_OBUF[0]_inst_i_4_n_0
                         LUT3 (Prop_lut3_I1_O)        0.173     1.983 r  output3_OBUF[1]_inst_i_2/O
                         net (fo=1, unplaced)         1.223     3.206    output3_OBUF[1]_inst_i_2_n_0
                         LUT6 (Prop_lut6_I1_O)        0.148     3.354 r  output3_OBUF[1]_inst_i_1/O
                         net (fo=4, unplaced)         0.422     3.776    output3_OBUF[1]
                         LUT5 (Prop_lut5_I4_O)        0.148     3.924 r  output3_OBUF[5]_inst_i_3/O
                         net (fo=2, unplaced)         0.409     4.333    output3_OBUF[5]_inst_i_3_n_0
                         LUT4 (Prop_lut4_I2_O)        0.156     4.489 r  output3_OBUF[6]_inst_i_1/O
                         net (fo=1, unplaced)         0.809     5.297    output3_OBUF[6]
                         OBUF (Prop_obuf_I_O)         2.843     8.140 r  output3_OBUF[6]_inst/O
                         net (fo=0)                   0.000     8.140    output3[6]
                                                                      r  output3[6] (OUT)
  -------------------------------------------------------------------    -------------------

Slack:                    inf
  Source:                 intlv[0][1]
                            (input port)
  Destination:            output3[6]
                            (output port)
  Path Group:             (none)
  Path Type:              Max at Slow Process Corner
  Data Path Delay:        8.140ns  (logic 4.469ns (54.900%)  route 3.671ns (45.100%))
  Logic Levels:           6  (IBUF=1 LUT3=1 LUT4=1 LUT5=1 LUT6=1 OBUF=1)

    Location             Delay type                Incr(ns)  Path(ns)    Netlist Resource(s)
  -------------------------------------------------------------------    -------------------
                                                      0.000     0.000 f  intlv[0][1] (IN)
                         net (fo=0)                   0.000     0.000    intlv[0][1]
                         IBUF (Prop_ibuf_I_O)         1.001     1.001 f  output3_OBUF[0]_inst_i_4/O
                         net (fo=4, unplaced)         0.809     1.810    output3_OBUF[0]_inst_i_4_n_0
                         LUT3 (Prop_lut3_I1_O)        0.173     1.983 r  output3_OBUF[1]_inst_i_2/O
                         net (fo=1, unplaced)         1.223     3.206    output3_OBUF[1]_inst_i_2_n_0
                         LUT6 (Prop_lut6_I1_O)        0.148     3.354 r  output3_OBUF[1]_inst_i_1/O
                         net (fo=4, unplaced)         0.422     3.776    output3_OBUF[1]
                         LUT5 (Prop_lut5_I4_O)        0.148     3.924 r  output3_OBUF[5]_inst_i_3/O
                         net (fo=2, unplaced)         0.409     4.333    output3_OBUF[5]_inst_i_3_n_0
                         LUT4 (Prop_lut4_I2_O)        0.156     4.489 r  output3_OBUF[6]_inst_i_1/O
                         net (fo=1, unplaced)         0.809     5.297    output3_OBUF[6]
                         OBUF (Prop_obuf_I_O)         2.843     8.140 r  output3_OBUF[6]_inst/O
                         net (fo=0)                   0.000     8.140    output3[6]
                                                                      r  output3[6] (OUT)
  -------------------------------------------------------------------    -------------------

Slack:                    inf
  Source:                 intlv[0][1]
                            (input port)
  Destination:            output3[6]
                            (output port)
  Path Group:             (none)
  Path Type:              Max at Slow Process Corner
  Data Path Delay:        8.140ns  (logic 4.469ns (54.900%)  route 3.671ns (45.100%))
  Logic Levels:           6  (IBUF=1 LUT3=1 LUT4=1 LUT5=1 LUT6=1 OBUF=1)

    Location             Delay type                Incr(ns)  Path(ns)    Netlist Resource(s)
  -------------------------------------------------------------------    -------------------
                                                      0.000     0.000 r  intlv[0][1] (IN)
                         net (fo=0)                   0.000     0.000    intlv[0][1]
                         IBUF (Prop_ibuf_I_O)         1.001     1.001 r  output3_OBUF[0]_inst_i_4/O
                         net (fo=4, unplaced)         0.809     1.810    output3_OBUF[0]_inst_i_4_n_0
                         LUT3 (Prop_lut3_I1_O)        0.173     1.983 f  output3_OBUF[1]_inst_i_2/O
                         net (fo=1, unplaced)         1.223     3.206    output3_OBUF[1]_inst_i_2_n_0
                         LUT6 (Prop_lut6_I1_O)        0.148     3.354 r  output3_OBUF[1]_inst_i_1/O
                         net (fo=4, unplaced)         0.422     3.776    output3_OBUF[1]
                         LUT5 (Prop_lut5_I4_O)        0.148     3.924 r  output3_OBUF[5]_inst_i_3/O
                         net (fo=2, unplaced)         0.409     4.333    output3_OBUF[5]_inst_i_3_n_0
                         LUT4 (Prop_lut4_I2_O)        0.156     4.489 r  output3_OBUF[6]_inst_i_1/O
                         net (fo=1, unplaced)         0.809     5.297    output3_OBUF[6]
                         OBUF (Prop_obuf_I_O)         2.843     8.140 r  output3_OBUF[6]_inst/O
                         net (fo=0)                   0.000     8.140    output3[6]
                                                                      r  output3[6] (OUT)
  -------------------------------------------------------------------    -------------------





Min Delay Paths
--------------------------------------------------------------------------------------
Slack:                    inf
  Source:                 msg_in[0]
                            (input port)
  Destination:            output1[0]
                            (output port)
  Path Group:             (none)
  Path Type:              Min at Fast Process Corner
  Data Path Delay:        2.055ns  (logic 1.654ns (80.485%)  route 0.401ns (19.515%))
  Logic Levels:           2  (IBUF=1 OBUF=1)

    Location             Delay type                Incr(ns)  Path(ns)    Netlist Resource(s)
  -------------------------------------------------------------------    -------------------
                                                      0.000     0.000 r  msg_in[0] (IN)
                         net (fo=0)                   0.000     0.000    msg_in[0]
                         IBUF (Prop_ibuf_I_O)         0.412     0.412 r  msg_in_IBUF[0]_inst/O
                         net (fo=17, unplaced)        0.401     0.813    output2_OBUF[0]
                         OBUF (Prop_obuf_I_O)         1.242     2.055 r  output1_OBUF[0]_inst/O
                         net (fo=0)                   0.000     2.055    output1[0]
                                                                      r  output1[0] (OUT)
  -------------------------------------------------------------------    -------------------

Slack:                    inf
  Source:                 msg_in[0]
                            (input port)
  Destination:            output1[0]
                            (output port)
  Path Group:             (none)
  Path Type:              Min at Fast Process Corner
  Data Path Delay:        2.055ns  (logic 1.654ns (80.485%)  route 0.401ns (19.515%))
  Logic Levels:           2  (IBUF=1 OBUF=1)

    Location             Delay type                Incr(ns)  Path(ns)    Netlist Resource(s)
  -------------------------------------------------------------------    -------------------
                                                      0.000     0.000 f  msg_in[0] (IN)
                         net (fo=0)                   0.000     0.000    msg_in[0]
                         IBUF (Prop_ibuf_I_O)         0.412     0.412 f  msg_in_IBUF[0]_inst/O
                         net (fo=17, unplaced)        0.401     0.813    output2_OBUF[0]
                         OBUF (Prop_obuf_I_O)         1.242     2.055 f  output1_OBUF[0]_inst/O
                         net (fo=0)                   0.000     2.055    output1[0]
                                                                      f  output1[0] (OUT)
  -------------------------------------------------------------------    -------------------

Slack:                    inf
  Source:                 msg_in[1]
                            (input port)
  Destination:            output1[1]
                            (output port)
  Path Group:             (none)
  Path Type:              Min at Fast Process Corner
  Data Path Delay:        2.055ns  (logic 1.654ns (80.485%)  route 0.401ns (19.515%))
  Logic Levels:           2  (IBUF=1 OBUF=1)

    Location             Delay type                Incr(ns)  Path(ns)    Netlist Resource(s)
  -------------------------------------------------------------------    -------------------
                                                      0.000     0.000 r  msg_in[1] (IN)
                         net (fo=0)                   0.000     0.000    msg_in[1]
                         IBUF (Prop_ibuf_I_O)         0.412     0.412 r  msg_in_IBUF[1]_inst/O
                         net (fo=14, unplaced)        0.401     0.813    output1_OBUF[1]
                         OBUF (Prop_obuf_I_O)         1.242     2.055 r  output1_OBUF[1]_inst/O
                         net (fo=0)                   0.000     2.055    output1[1]
                                                                      r  output1[1] (OUT)
  -------------------------------------------------------------------    -------------------





