ISim log file
Running: ./tbcdec_fixpt_isim_design.exe -tclbatch tbcdec_fixpt_tb_sim.do 
ISim P.20131013 (signature 0xfbc00daa)
This is a Full version of ISim.
Time resolution is 1 ps
# run all
Simulator is doing circuit initialization process.
at 0 ps, Instance /tbcdec_fixpt_tb/u_tbcdec_fixpt/ : Warning: NUMERIC_STD."<=": metavalue detected, returning FALSE
at 0 ps, Instance /tbcdec_fixpt_tb/u_tbcdec_fixpt/ : Warning: NUMERIC_STD."<=": metavalue detected, returning FALSE
at 0 ps, Instance /tbcdec_fixpt_tb/u_tbcdec_fixpt/ : Warning: NUMERIC_STD."<=": metavalue detected, returning FALSE
at 0 ps, Instance /tbcdec_fixpt_tb/u_tbcdec_fixpt/ : Warning: NUMERIC_STD."<=": metavalue detected, returning FALSE
at 0 ps, Instance /tbcdec_fixpt_tb/u_tbcdec_fixpt/ : Warning: NUMERIC_STD."<=": metavalue detected, returning FALSE
at 0 ps, Instance /tbcdec_fixpt_tb/u_tbcdec_fixpt/ : Warning: NUMERIC_STD."<=": metavalue detected, returning FALSE
at 0 ps, Instance /tbcdec_fixpt_tb/u_tbcdec_fixpt/ : Warning: NUMERIC_STD."<=": metavalue detected, returning FALSE
at 0 ps, Instance /tbcdec_fixpt_tb/u_tbcdec_fixpt/ : Warning: NUMERIC_STD."<=": metavalue detected, returning FALSE
at 0 ps, Instance /tbcdec_fixpt_tb/u_tbcdec_fixpt/ : Warning: NUMERIC_STD."<=": metavalue detected, returning FALSE
at 0 ps, Instance /tbcdec_fixpt_tb/u_tbcdec_fixpt/ : Warning: NUMERIC_STD."<=": metavalue detected, returning FALSE
at 0 ps, Instance /tbcdec_fixpt_tb/u_tbcdec_fixpt/ : Warning: NUMERIC_STD."<=": metavalue detected, returning FALSE
at 0 ps, Instance /tbcdec_fixpt_tb/u_tbcdec_fixpt/ : Warning: NUMERIC_STD."<=": metavalue detected, returning FALSE
at 0 ps, Instance /tbcdec_fixpt_tb/u_tbcdec_fixpt/ : Warning: NUMERIC_STD."<=": metavalue detected, returning FALSE
at 0 ps, Instance /tbcdec_fixpt_tb/u_tbcdec_fixpt/ : Warning: NUMERIC_STD."<=": metavalue detected, returning FALSE
at 0 ps, Instance /tbcdec_fixpt_tb/u_tbcdec_fixpt/ : Warning: NUMERIC_STD."<=": metavalue detected, returning FALSE
at 0 ps, Instance /tbcdec_fixpt_tb/u_tbcdec_fixpt/ : Warning: NUMERIC_STD."<=": metavalue detected, returning FALSE
at 0 ps, Instance /tbcdec_fixpt_tb/u_tbcdec_fixpt/ : Warning: NUMERIC_STD."<=": metavalue detected, returning FALSE
at 0 ps, Instance /tbcdec_fixpt_tb/u_tbcdec_fixpt/ : Warning: NUMERIC_STD."<=": metavalue detected, returning FALSE
at 0 ps, Instance /tbcdec_fixpt_tb/u_tbcdec_fixpt/ : Warning: NUMERIC_STD."<=": metavalue detected, returning FALSE
at 0 ps, Instance /tbcdec_fixpt_tb/u_tbcdec_fixpt/ : Warning: NUMERIC_STD."<=": metavalue detected, returning FALSE
at 0 ps, Instance /tbcdec_fixpt_tb/u_tbcdec_fixpt/ : Warning: NUMERIC_STD."<=": metavalue detected, returning FALSE
at 0 ps, Instance /tbcdec_fixpt_tb/u_tbcdec_fixpt/ : Warning: NUMERIC_STD."<=": metavalue detected, returning FALSE
at 0 ps, Instance /tbcdec_fixpt_tb/u_tbcdec_fixpt/ : Warning: NUMERIC_STD."<=": metavalue detected, returning FALSE
at 0 ps, Instance /tbcdec_fixpt_tb/u_tbcdec_fixpt/ : Warning: NUMERIC_STD."<=": metavalue detected, returning FALSE
at 0 ps, Instance /tbcdec_fixpt_tb/u_tbcdec_fixpt/ : Warning: NUMERIC_STD."<=": metavalue detected, returning FALSE
at 0 ps, Instance /tbcdec_fixpt_tb/u_tbcdec_fixpt/ : Warning: NUMERIC_STD."<=": metavalue detected, returning FALSE
at 0 ps, Instance /tbcdec_fixpt_tb/u_tbcdec_fixpt/ : Warning: NUMERIC_STD."<=": metavalue detected, returning FALSE
at 0 ps, Instance /tbcdec_fixpt_tb/u_tbcdec_fixpt/ : Warning: NUMERIC_STD."<=": metavalue detected, returning FALSE
at 0 ps, Instance /tbcdec_fixpt_tb/u_tbcdec_fixpt/ : Warning: NUMERIC_STD."<=": metavalue detected, returning FALSE
at 0 ps, Instance /tbcdec_fixpt_tb/u_tbcdec_fixpt/ : Warning: NUMERIC_STD."<=": metavalue detected, returning FALSE
at 0 ps, Instance /tbcdec_fixpt_tb/u_tbcdec_fixpt/ : Warning: NUMERIC_STD."<=": metavalue detected, returning FALSE
at 0 ps, Instance /tbcdec_fixpt_tb/u_tbcdec_fixpt/ : Warning: NUMERIC_STD."<=": metavalue detected, returning FALSE
at 0 ps, Instance /tbcdec_fixpt_tb/u_tbcdec_fixpt/ : Warning: NUMERIC_STD."<=": metavalue detected, returning FALSE
at 0 ps, Instance /tbcdec_fixpt_tb/u_tbcdec_fixpt/ : Warning: NUMERIC_STD."<=": metavalue detected, returning FALSE
at 0 ps, Instance /tbcdec_fixpt_tb/u_tbcdec_fixpt/ : Warning: NUMERIC_STD."<=": metavalue detected, returning FALSE
at 0 ps, Instance /tbcdec_fixpt_tb/u_tbcdec_fixpt/ : Warning: NUMERIC_STD."<=": metavalue detected, returning FALSE
at 0 ps, Instance /tbcdec_fixpt_tb/u_tbcdec_fixpt/ : Warning: NUMERIC_STD."<=": metavalue detected, returning FALSE
at 0 ps, Instance /tbcdec_fixpt_tb/u_tbcdec_fixpt/ : Warning: NUMERIC_STD."<=": metavalue detected, returning FALSE
at 0 ps, Instance /tbcdec_fixpt_tb/u_tbcdec_fixpt/ : Warning: NUMERIC_STD."<=": metavalue detected, returning FALSE
at 0 ps, Instance /tbcdec_fixpt_tb/u_tbcdec_fixpt/ : Warning: NUMERIC_STD."<=": metavalue detected, returning FALSE
at 0 ps, Instance /tbcdec_fixpt_tb/u_tbcdec_fixpt/ : Warning: NUMERIC_STD."<=": metavalue detected, returning FALSE
at 0 ps, Instance /tbcdec_fixpt_tb/u_tbcdec_fixpt/ : Warning: NUMERIC_STD."<=": metavalue detected, returning FALSE
at 0 ps, Instance /tbcdec_fixpt_tb/u_tbcdec_fixpt/ : Warning: NUMERIC_STD."<=": metavalue detected, returning FALSE
at 0 ps, Instance /tbcdec_fixpt_tb/u_tbcdec_fixpt/ : Warning: NUMERIC_STD."<=": metavalue detected, returning FALSE
at 0 ps, Instance /tbcdec_fixpt_tb/u_tbcdec_fixpt/ : Warning: NUMERIC_STD."<=": metavalue detected, returning FALSE
at 0 ps, Instance /tbcdec_fixpt_tb/u_tbcdec_fixpt/ : Warning: NUMERIC_STD."<=": metavalue detected, returning FALSE
at 0 ps, Instance /tbcdec_fixpt_tb/u_tbcdec_fixpt/ : Warning: NUMERIC_STD."<=": metavalue detected, returning FALSE
at 0 ps, Instance /tbcdec_fixpt_tb/u_tbcdec_fixpt/ : Warning: NUMERIC_STD."<=": metavalue detected, returning FALSE
at 0 ps, Instance /tbcdec_fixpt_tb/u_tbcdec_fixpt/ : Warning: NUMERIC_STD."<=": metavalue detected, returning FALSE
at 0 ps, Instance /tbcdec_fixpt_tb/u_tbcdec_fixpt/ : Warning: NUMERIC_STD."<=": metavalue detected, returning FALSE
at 0 ps, Instance /tbcdec_fixpt_tb/u_tbcdec_fixpt/ : Warning: NUMERIC_STD."<=": metavalue detected, returning FALSE
at 0 ps, Instance /tbcdec_fixpt_tb/u_tbcdec_fixpt/ : Warning: NUMERIC_STD."<=": metavalue detected, returning FALSE
at 0 ps, Instance /tbcdec_fixpt_tb/u_tbcdec_fixpt/ : Warning: NUMERIC_STD."<=": metavalue detected, returning FALSE
at 0 ps, Instance /tbcdec_fixpt_tb/u_tbcdec_fixpt/ : Warning: NUMERIC_STD."<=": metavalue detected, returning FALSE
at 0 ps, Instance /tbcdec_fixpt_tb/u_tbcdec_fixpt/ : Warning: NUMERIC_STD."<=": metavalue detected, returning FALSE
at 0 ps, Instance /tbcdec_fixpt_tb/u_tbcdec_fixpt/ : Warning: NUMERIC_STD."<=": metavalue detected, returning FALSE
at 0 ps, Instance /tbcdec_fixpt_tb/u_tbcdec_fixpt/ : Warning: NUMERIC_STD."<=": metavalue detected, returning FALSE
at 0 ps, Instance /tbcdec_fixpt_tb/u_tbcdec_fixpt/ : Warning: NUMERIC_STD."<=": metavalue detected, returning FALSE
at 0 ps, Instance /tbcdec_fixpt_tb/u_tbcdec_fixpt/ : Warning: NUMERIC_STD."<=": metavalue detected, returning FALSE
at 0 ps, Instance /tbcdec_fixpt_tb/u_tbcdec_fixpt/ : Warning: NUMERIC_STD."<=": metavalue detected, returning FALSE
at 0 ps, Instance /tbcdec_fixpt_tb/u_tbcdec_fixpt/ : Warning: NUMERIC_STD."<=": metavalue detected, returning FALSE
at 0 ps, Instance /tbcdec_fixpt_tb/u_tbcdec_fixpt/ : Warning: NUMERIC_STD."<=": metavalue detected, returning FALSE
at 0 ps, Instance /tbcdec_fixpt_tb/u_tbcdec_fixpt/ : Warning: NUMERIC_STD."<=": metavalue detected, returning FALSE
at 0 ps, Instance /tbcdec_fixpt_tb/u_tbcdec_fixpt/ : Warning: NUMERIC_STD."<=": metavalue detected, returning FALSE
at 0 ps, Instance /tbcdec_fixpt_tb/u_tbcdec_fixpt/ : Warning: NUMERIC_STD."<=": metavalue detected, returning FALSE
at 0 ps, Instance /tbcdec_fixpt_tb/u_tbcdec_fixpt/ : Warning: NUMERIC_STD."<=": metavalue detected, returning FALSE
at 0 ps, Instance /tbcdec_fixpt_tb/u_tbcdec_fixpt/ : Warning: NUMERIC_STD."<=": metavalue detected, returning FALSE
at 0 ps, Instance /tbcdec_fixpt_tb/u_tbcdec_fixpt/ : Warning: NUMERIC_STD."<=": metavalue detected, returning FALSE
at 0 ps, Instance /tbcdec_fixpt_tb/u_tbcdec_fixpt/ : Warning: NUMERIC_STD."<=": metavalue detected, returning FALSE
at 0 ps, Instance /tbcdec_fixpt_tb/u_tbcdec_fixpt/ : Warning: NUMERIC_STD."<=": metavalue detected, returning FALSE
at 0 ps, Instance /tbcdec_fixpt_tb/u_tbcdec_fixpt/ : Warning: NUMERIC_STD."<=": metavalue detected, returning FALSE
at 0 ps, Instance /tbcdec_fixpt_tb/u_tbcdec_fixpt/ : Warning: NUMERIC_STD."<=": metavalue detected, returning FALSE
at 0 ps, Instance /tbcdec_fixpt_tb/u_tbcdec_fixpt/ : Warning: NUMERIC_STD."<=": metavalue detected, returning FALSE
at 0 ps, Instance /tbcdec_fixpt_tb/u_tbcdec_fixpt/ : Warning: NUMERIC_STD."<=": metavalue detected, returning FALSE
at 0 ps, Instance /tbcdec_fixpt_tb/u_tbcdec_fixpt/ : Warning: NUMERIC_STD."<=": metavalue detected, returning FALSE
at 0 ps, Instance /tbcdec_fixpt_tb/u_tbcdec_fixpt/ : Warning: NUMERIC_STD."<=": metavalue detected, returning FALSE
at 0 ps, Instance /tbcdec_fixpt_tb/u_tbcdec_fixpt/ : Warning: NUMERIC_STD."<=": metavalue detected, returning FALSE
at 0 ps, Instance /tbcdec_fixpt_tb/u_tbcdec_fixpt/ : Warning: NUMERIC_STD."<=": metavalue detected, returning FALSE
at 0 ps, Instance /tbcdec_fixpt_tb/u_tbcdec_fixpt/ : Warning: NUMERIC_STD."<=": metavalue detected, returning FALSE
at 0 ps, Instance /tbcdec_fixpt_tb/u_tbcdec_fixpt/ : Warning: NUMERIC_STD."<=": metavalue detected, returning FALSE
at 0 ps, Instance /tbcdec_fixpt_tb/u_tbcdec_fixpt/ : Warning: NUMERIC_STD."<=": metavalue detected, returning FALSE
at 0 ps, Instance /tbcdec_fixpt_tb/u_tbcdec_fixpt/ : Warning: NUMERIC_STD."<=": metavalue detected, returning FALSE
at 0 ps, Instance /tbcdec_fixpt_tb/u_tbcdec_fixpt/ : Warning: NUMERIC_STD."<=": metavalue detected, returning FALSE
at 0 ps, Instance /tbcdec_fixpt_tb/u_tbcdec_fixpt/ : Warning: NUMERIC_STD."<=": metavalue detected, returning FALSE
at 0 ps, Instance /tbcdec_fixpt_tb/u_tbcdec_fixpt/ : Warning: NUMERIC_STD."<=": metavalue detected, returning FALSE
at 0 ps, Instance /tbcdec_fixpt_tb/u_tbcdec_fixpt/ : Warning: NUMERIC_STD."<=": metavalue detected, returning FALSE
at 0 ps, Instance /tbcdec_fixpt_tb/u_tbcdec_fixpt/ : Warning: NUMERIC_STD."<=": metavalue detected, returning FALSE
at 0 ps, Instance /tbcdec_fixpt_tb/u_tbcdec_fixpt/ : Warning: NUMERIC_STD."<=": metavalue detected, returning FALSE
at 0 ps, Instance /tbcdec_fixpt_tb/u_tbcdec_fixpt/ : Warning: NUMERIC_STD."<=": metavalue detected, returning FALSE
at 0 ps, Instance /tbcdec_fixpt_tb/u_tbcdec_fixpt/ : Warning: NUMERIC_STD."<=": metavalue detected, returning FALSE
at 0 ps, Instance /tbcdec_fixpt_tb/u_tbcdec_fixpt/ : Warning: NUMERIC_STD."<=": metavalue detected, returning FALSE
at 0 ps, Instance /tbcdec_fixpt_tb/u_tbcdec_fixpt/ : Warning: NUMERIC_STD."<=": metavalue detected, returning FALSE
at 0 ps, Instance /tbcdec_fixpt_tb/u_tbcdec_fixpt/ : Warning: NUMERIC_STD."<=": metavalue detected, returning FALSE
at 0 ps, Instance /tbcdec_fixpt_tb/u_tbcdec_fixpt/ : Warning: NUMERIC_STD."<=": metavalue detected, returning FALSE
at 0 ps, Instance /tbcdec_fixpt_tb/u_tbcdec_fixpt/ : Warning: NUMERIC_STD."<=": metavalue detected, returning FALSE
at 0 ps, Instance /tbcdec_fixpt_tb/u_tbcdec_fixpt/ : Warning: NUMERIC_STD."<=": metavalue detected, returning FALSE
at 0 ps, Instance /tbcdec_fixpt_tb/u_tbcdec_fixpt/ : Warning: NUMERIC_STD."<=": metavalue detected, returning FALSE
at 0 ps, Instance /tbcdec_fixpt_tb/u_tbcdec_fixpt/ : Warning: NUMERIC_STD."<=": metavalue detected, returning FALSE
at 0 ps, Instance /tbcdec_fixpt_tb/u_tbcdec_fixpt/ : Warning: NUMERIC_STD."<=": metavalue detected, returning FALSE
at 0 ps, Instance /tbcdec_fixpt_tb/u_tbcdec_fixpt/ : Warning: NUMERIC_STD."<=": metavalue detected, returning FALSE
at 0 ps, Instance /tbcdec_fixpt_tb/u_tbcdec_fixpt/ : Warning: NUMERIC_STD."<=": metavalue detected, returning FALSE
at 0 ps, Instance /tbcdec_fixpt_tb/u_tbcdec_fixpt/ : Warning: NUMERIC_STD."<=": metavalue detected, returning FALSE
at 0 ps, Instance /tbcdec_fixpt_tb/u_tbcdec_fixpt/ : Warning: NUMERIC_STD."<=": metavalue detected, returning FALSE
at 0 ps, Instance /tbcdec_fixpt_tb/u_tbcdec_fixpt/ : Warning: NUMERIC_STD."<=": metavalue detected, returning FALSE
at 0 ps, Instance /tbcdec_fixpt_tb/u_tbcdec_fixpt/ : Warning: NUMERIC_STD."<=": metavalue detected, returning FALSE
at 0 ps, Instance /tbcdec_fixpt_tb/u_tbcdec_fixpt/ : Warning: NUMERIC_STD."<=": metavalue detected, returning FALSE
at 0 ps, Instance /tbcdec_fixpt_tb/u_tbcdec_fixpt/ : Warning: NUMERIC_STD."<=": metavalue detected, returning FALSE
at 0 ps, Instance /tbcdec_fixpt_tb/u_tbcdec_fixpt/ : Warning: NUMERIC_STD."<=": metavalue detected, returning FALSE
at 0 ps, Instance /tbcdec_fixpt_tb/u_tbcdec_fixpt/ : Warning: NUMERIC_STD."<=": metavalue detected, returning FALSE
at 0 ps, Instance /tbcdec_fixpt_tb/u_tbcdec_fixpt/ : Warning: NUMERIC_STD."<=": metavalue detected, returning FALSE
at 0 ps, Instance /tbcdec_fixpt_tb/u_tbcdec_fixpt/ : Warning: NUMERIC_STD."<=": metavalue detected, returning FALSE
at 0 ps, Instance /tbcdec_fixpt_tb/u_tbcdec_fixpt/ : Warning: NUMERIC_STD."<=": metavalue detected, returning FALSE
at 0 ps, Instance /tbcdec_fixpt_tb/u_tbcdec_fixpt/ : Warning: NUMERIC_STD."<=": metavalue detected, returning FALSE
at 0 ps, Instance /tbcdec_fixpt_tb/u_tbcdec_fixpt/ : Warning: NUMERIC_STD."<=": metavalue detected, returning FALSE
at 0 ps, Instance /tbcdec_fixpt_tb/u_tbcdec_fixpt/ : Warning: NUMERIC_STD."<=": metavalue detected, returning FALSE
at 0 ps, Instance /tbcdec_fixpt_tb/u_tbcdec_fixpt/ : Warning: NUMERIC_STD."<=": metavalue detected, returning FALSE
at 0 ps, Instance /tbcdec_fixpt_tb/u_tbcdec_fixpt/ : Warning: NUMERIC_STD."<=": metavalue detected, returning FALSE
at 0 ps, Instance /tbcdec_fixpt_tb/u_tbcdec_fixpt/ : Warning: NUMERIC_STD."<=": metavalue detected, returning FALSE
at 0 ps, Instance /tbcdec_fixpt_tb/u_tbcdec_fixpt/ : Warning: NUMERIC_STD."<=": metavalue detected, returning FALSE
at 0 ps, Instance /tbcdec_fixpt_tb/u_tbcdec_fixpt/ : Warning: NUMERIC_STD."<=": metavalue detected, returning FALSE
at 0 ps, Instance /tbcdec_fixpt_tb/u_tbcdec_fixpt/ : Warning: NUMERIC_STD."<=": metavalue detected, returning FALSE
at 0 ps, Instance /tbcdec_fixpt_tb/u_tbcdec_fixpt/ : Warning: NUMERIC_STD."<=": metavalue detected, returning FALSE
at 0 ps, Instance /tbcdec_fixpt_tb/u_tbcdec_fixpt/ : Warning: NUMERIC_STD."<=": metavalue detected, returning FALSE
at 0 ps, Instance /tbcdec_fixpt_tb/u_tbcdec_fixpt/ : Warning: NUMERIC_STD."<=": metavalue detected, returning FALSE
at 0 ps, Instance /tbcdec_fixpt_tb/u_tbcdec_fixpt/ : Warning: NUMERIC_STD."<=": metavalue detected, returning FALSE
at 0 ps, Instance /tbcdec_fixpt_tb/u_tbcdec_fixpt/ : Warning: NUMERIC_STD."<=": metavalue detected, returning FALSE
at 0 ps, Instance /tbcdec_fixpt_tb/u_tbcdec_fixpt/ : Warning: NUMERIC_STD."<=": metavalue detected, returning FALSE
at 0 ps, Instance /tbcdec_fixpt_tb/u_tbcdec_fixpt/ : Warning: NUMERIC_STD."<=": metavalue detected, returning FALSE
at 0 ps, Instance /tbcdec_fixpt_tb/u_tbcdec_fixpt/ : Warning: NUMERIC_STD."<=": metavalue detected, returning FALSE
at 0 ps, Instance /tbcdec_fixpt_tb/u_tbcdec_fixpt/ : Warning: NUMERIC_STD."<=": metavalue detected, returning FALSE
at 0 ps, Instance /tbcdec_fixpt_tb/u_tbcdec_fixpt/ : Warning: NUMERIC_STD."<=": metavalue detected, returning FALSE
at 0 ps, Instance /tbcdec_fixpt_tb/u_tbcdec_fixpt/ : Warning: NUMERIC_STD."<=": metavalue detected, returning FALSE
at 0 ps, Instance /tbcdec_fixpt_tb/u_tbcdec_fixpt/ : Warning: NUMERIC_STD."<=": metavalue detected, returning FALSE
at 0 ps, Instance /tbcdec_fixpt_tb/u_tbcdec_fixpt/ : Warning: NUMERIC_STD."<=": metavalue detected, returning FALSE
at 0 ps, Instance /tbcdec_fixpt_tb/u_tbcdec_fixpt/ : Warning: NUMERIC_STD."<=": metavalue detected, returning FALSE
at 0 ps, Instance /tbcdec_fixpt_tb/u_tbcdec_fixpt/ : Warning: NUMERIC_STD."<=": metavalue detected, returning FALSE
at 0 ps, Instance /tbcdec_fixpt_tb/u_tbcdec_fixpt/ : Warning: NUMERIC_STD."<=": metavalue detected, returning FALSE
at 0 ps, Instance /tbcdec_fixpt_tb/u_tbcdec_fixpt/ : Warning: NUMERIC_STD."<=": metavalue detected, returning FALSE
at 0 ps, Instance /tbcdec_fixpt_tb/u_tbcdec_fixpt/ : Warning: NUMERIC_STD."<=": metavalue detected, returning FALSE
at 0 ps, Instance /tbcdec_fixpt_tb/u_tbcdec_fixpt/ : Warning: NUMERIC_STD."<=": metavalue detected, returning FALSE
at 0 ps, Instance /tbcdec_fixpt_tb/u_tbcdec_fixpt/ : Warning: NUMERIC_STD."<=": metavalue detected, returning FALSE
at 0 ps, Instance /tbcdec_fixpt_tb/u_tbcdec_fixpt/ : Warning: NUMERIC_STD."<=": metavalue detected, returning FALSE
at 0 ps, Instance /tbcdec_fixpt_tb/u_tbcdec_fixpt/ : Warning: NUMERIC_STD."<=": metavalue detected, returning FALSE
at 0 ps, Instance /tbcdec_fixpt_tb/u_tbcdec_fixpt/ : Warning: NUMERIC_STD."<=": metavalue detected, returning FALSE
at 0 ps, Instance /tbcdec_fixpt_tb/u_tbcdec_fixpt/ : Warning: NUMERIC_STD."<=": metavalue detected, returning FALSE
at 0 ps, Instance /tbcdec_fixpt_tb/u_tbcdec_fixpt/ : Warning: NUMERIC_STD."<=": metavalue detected, returning FALSE
at 0 ps, Instance /tbcdec_fixpt_tb/u_tbcdec_fixpt/ : Warning: NUMERIC_STD."<=": metavalue detected, returning FALSE
at 0 ps, Instance /tbcdec_fixpt_tb/u_tbcdec_fixpt/ : Warning: NUMERIC_STD."<=": metavalue detected, returning FALSE
at 0 ps, Instance /tbcdec_fixpt_tb/u_tbcdec_fixpt/ : Warning: NUMERIC_STD."<=": metavalue detected, returning FALSE
at 0 ps, Instance /tbcdec_fixpt_tb/u_tbcdec_fixpt/ : Warning: NUMERIC_STD."<=": metavalue detected, returning FALSE
at 0 ps, Instance /tbcdec_fixpt_tb/u_tbcdec_fixpt/ : Warning: NUMERIC_STD."<=": metavalue detected, returning FALSE
at 0 ps, Instance /tbcdec_fixpt_tb/u_tbcdec_fixpt/ : Warning: NUMERIC_STD."<=": metavalue detected, returning FALSE
at 0 ps, Instance /tbcdec_fixpt_tb/u_tbcdec_fixpt/ : Warning: NUMERIC_STD."<=": metavalue detected, returning FALSE
at 0 ps, Instance /tbcdec_fixpt_tb/u_tbcdec_fixpt/ : Warning: NUMERIC_STD."<=": metavalue detected, returning FALSE
at 0 ps, Instance /tbcdec_fixpt_tb/u_tbcdec_fixpt/ : Warning: NUMERIC_STD."<=": metavalue detected, returning FALSE
at 0 ps, Instance /tbcdec_fixpt_tb/u_tbcdec_fixpt/ : Warning: NUMERIC_STD."<=": metavalue detected, returning FALSE
at 0 ps, Instance /tbcdec_fixpt_tb/u_tbcdec_fixpt/ : Warning: NUMERIC_STD."<=": metavalue detected, returning FALSE
at 0 ps, Instance /tbcdec_fixpt_tb/u_tbcdec_fixpt/ : Warning: NUMERIC_STD."<=": metavalue detected, returning FALSE
at 0 ps, Instance /tbcdec_fixpt_tb/u_tbcdec_fixpt/ : Warning: NUMERIC_STD."<=": metavalue detected, returning FALSE
at 0 ps, Instance /tbcdec_fixpt_tb/u_tbcdec_fixpt/ : Warning: NUMERIC_STD."<=": metavalue detected, returning FALSE
at 0 ps, Instance /tbcdec_fixpt_tb/u_tbcdec_fixpt/ : Warning: NUMERIC_STD."<=": metavalue detected, returning FALSE
at 0 ps, Instance /tbcdec_fixpt_tb/u_tbcdec_fixpt/ : Warning: NUMERIC_STD."<=": metavalue detected, returning FALSE
at 0 ps, Instance /tbcdec_fixpt_tb/u_tbcdec_fixpt/ : Warning: NUMERIC_STD."<=": metavalue detected, returning FALSE
at 0 ps, Instance /tbcdec_fixpt_tb/u_tbcdec_fixpt/ : Warning: NUMERIC_STD."<=": metavalue detected, returning FALSE
at 0 ps, Instance /tbcdec_fixpt_tb/u_tbcdec_fixpt/ : Warning: NUMERIC_STD."<=": metavalue detected, returning FALSE
at 0 ps, Instance /tbcdec_fixpt_tb/u_tbcdec_fixpt/ : Warning: NUMERIC_STD."<=": metavalue detected, returning FALSE
at 0 ps, Instance /tbcdec_fixpt_tb/u_tbcdec_fixpt/ : Warning: NUMERIC_STD."<=": metavalue detected, returning FALSE
at 0 ps, Instance /tbcdec_fixpt_tb/u_tbcdec_fixpt/ : Warning: NUMERIC_STD."<=": metavalue detected, returning FALSE
at 0 ps, Instance /tbcdec_fixpt_tb/u_tbcdec_fixpt/ : Warning: NUMERIC_STD."<=": metavalue detected, returning FALSE
at 0 ps, Instance /tbcdec_fixpt_tb/u_tbcdec_fixpt/ : Warning: NUMERIC_STD."<=": metavalue detected, returning FALSE
at 0 ps, Instance /tbcdec_fixpt_tb/u_tbcdec_fixpt/ : Warning: NUMERIC_STD."<=": metavalue detected, returning FALSE
at 0 ps, Instance /tbcdec_fixpt_tb/u_tbcdec_fixpt/ : Warning: NUMERIC_STD."<=": metavalue detected, returning FALSE
at 0 ps, Instance /tbcdec_fixpt_tb/u_tbcdec_fixpt/ : Warning: NUMERIC_STD."<=": metavalue detected, returning FALSE
at 0 ps, Instance /tbcdec_fixpt_tb/u_tbcdec_fixpt/ : Warning: NUMERIC_STD."<=": metavalue detected, returning FALSE
at 0 ps, Instance /tbcdec_fixpt_tb/u_tbcdec_fixpt/ : Warning: NUMERIC_STD."<=": metavalue detected, returning FALSE
at 0 ps, Instance /tbcdec_fixpt_tb/u_tbcdec_fixpt/ : Warning: NUMERIC_STD."<=": metavalue detected, returning FALSE
at 0 ps, Instance /tbcdec_fixpt_tb/u_tbcdec_fixpt/ : Warning: NUMERIC_STD."<=": metavalue detected, returning FALSE
at 0 ps, Instance /tbcdec_fixpt_tb/u_tbcdec_fixpt/ : Warning: NUMERIC_STD."<=": metavalue detected, returning FALSE
at 0 ps, Instance /tbcdec_fixpt_tb/u_tbcdec_fixpt/ : Warning: NUMERIC_STD."<=": metavalue detected, returning FALSE
at 0 ps, Instance /tbcdec_fixpt_tb/u_tbcdec_fixpt/ : Warning: NUMERIC_STD."<=": metavalue detected, returning FALSE
at 0 ps, Instance /tbcdec_fixpt_tb/u_tbcdec_fixpt/ : Warning: NUMERIC_STD."<=": metavalue detected, returning FALSE
at 0 ps, Instance /tbcdec_fixpt_tb/u_tbcdec_fixpt/ : Warning: NUMERIC_STD."<=": metavalue detected, returning FALSE
at 0 ps, Instance /tbcdec_fixpt_tb/u_tbcdec_fixpt/ : Warning: NUMERIC_STD."<=": metavalue detected, returning FALSE
at 0 ps, Instance /tbcdec_fixpt_tb/u_tbcdec_fixpt/ : Warning: NUMERIC_STD."<=": metavalue detected, returning FALSE
at 0 ps, Instance /tbcdec_fixpt_tb/u_tbcdec_fixpt/ : Warning: NUMERIC_STD."<=": metavalue detected, returning FALSE
at 0 ps, Instance /tbcdec_fixpt_tb/u_tbcdec_fixpt/ : Warning: NUMERIC_STD."<=": metavalue detected, returning FALSE
at 0 ps, Instance /tbcdec_fixpt_tb/u_tbcdec_fixpt/ : Warning: NUMERIC_STD."<=": metavalue detected, returning FALSE
at 0 ps, Instance /tbcdec_fixpt_tb/u_tbcdec_fixpt/ : Warning: NUMERIC_STD."<=": metavalue detected, returning FALSE
at 0 ps, Instance /tbcdec_fixpt_tb/u_tbcdec_fixpt/ : Warning: NUMERIC_STD."<=": metavalue detected, returning FALSE
at 0 ps, Instance /tbcdec_fixpt_tb/u_tbcdec_fixpt/ : Warning: NUMERIC_STD."<=": metavalue detected, returning FALSE
at 0 ps, Instance /tbcdec_fixpt_tb/u_tbcdec_fixpt/ : Warning: NUMERIC_STD."<=": metavalue detected, returning FALSE
at 0 ps, Instance /tbcdec_fixpt_tb/u_tbcdec_fixpt/ : Warning: NUMERIC_STD."<=": metavalue detected, returning FALSE
at 0 ps, Instance /tbcdec_fixpt_tb/u_tbcdec_fixpt/ : Warning: NUMERIC_STD."<=": metavalue detected, returning FALSE
at 0 ps, Instance /tbcdec_fixpt_tb/u_tbcdec_fixpt/ : Warning: NUMERIC_STD."<=": metavalue detected, returning FALSE
at 0 ps, Instance /tbcdec_fixpt_tb/u_tbcdec_fixpt/ : Warning: NUMERIC_STD."<=": metavalue detected, returning FALSE
at 0 ps, Instance /tbcdec_fixpt_tb/u_tbcdec_fixpt/ : Warning: NUMERIC_STD."<=": metavalue detected, returning FALSE
at 0 ps, Instance /tbcdec_fixpt_tb/u_tbcdec_fixpt/ : Warning: NUMERIC_STD."<=": metavalue detected, returning FALSE
at 0 ps, Instance /tbcdec_fixpt_tb/u_tbcdec_fixpt/ : Warning: NUMERIC_STD."<=": metavalue detected, returning FALSE
at 0 ps, Instance /tbcdec_fixpt_tb/u_tbcdec_fixpt/ : Warning: NUMERIC_STD."<=": metavalue detected, returning FALSE
at 0 ps, Instance /tbcdec_fixpt_tb/u_tbcdec_fixpt/ : Warning: NUMERIC_STD."<=": metavalue detected, returning FALSE
at 0 ps, Instance /tbcdec_fixpt_tb/u_tbcdec_fixpt/ : Warning: NUMERIC_STD."<=": metavalue detected, returning FALSE
at 0 ps, Instance /tbcdec_fixpt_tb/u_tbcdec_fixpt/ : Warning: NUMERIC_STD."<=": metavalue detected, returning FALSE
at 0 ps, Instance /tbcdec_fixpt_tb/u_tbcdec_fixpt/ : Warning: NUMERIC_STD."<=": metavalue detected, returning FALSE
at 0 ps, Instance /tbcdec_fixpt_tb/u_tbcdec_fixpt/ : Warning: NUMERIC_STD."<=": metavalue detected, returning FALSE
at 0 ps, Instance /tbcdec_fixpt_tb/u_tbcdec_fixpt/ : Warning: NUMERIC_STD."<=": metavalue detected, returning FALSE
at 0 ps, Instance /tbcdec_fixpt_tb/u_tbcdec_fixpt/ : Warning: NUMERIC_STD."<=": metavalue detected, returning FALSE
at 0 ps, Instance /tbcdec_fixpt_tb/u_tbcdec_fixpt/ : Warning: NUMERIC_STD."<=": metavalue detected, returning FALSE
at 0 ps, Instance /tbcdec_fixpt_tb/u_tbcdec_fixpt/ : Warning: NUMERIC_STD."<=": metavalue detected, returning FALSE
at 0 ps, Instance /tbcdec_fixpt_tb/u_tbcdec_fixpt/ : Warning: NUMERIC_STD."<=": metavalue detected, returning FALSE
at 0 ps, Instance /tbcdec_fixpt_tb/u_tbcdec_fixpt/ : Warning: NUMERIC_STD."<=": metavalue detected, returning FALSE
at 0 ps, Instance /tbcdec_fixpt_tb/u_tbcdec_fixpt/ : Warning: NUMERIC_STD."<=": metavalue detected, returning FALSE
at 0 ps, Instance /tbcdec_fixpt_tb/u_tbcdec_fixpt/ : Warning: NUMERIC_STD."<=": metavalue detected, returning FALSE
at 0 ps, Instance /tbcdec_fixpt_tb/u_tbcdec_fixpt/ : Warning: NUMERIC_STD."<=": metavalue detected, returning FALSE
at 0 ps, Instance /tbcdec_fixpt_tb/u_tbcdec_fixpt/ : Warning: NUMERIC_STD."<=": metavalue detected, returning FALSE
at 0 ps, Instance /tbcdec_fixpt_tb/u_tbcdec_fixpt/ : Warning: NUMERIC_STD."<=": metavalue detected, returning FALSE
at 0 ps, Instance /tbcdec_fixpt_tb/u_tbcdec_fixpt/ : Warning: NUMERIC_STD."<=": metavalue detected, returning FALSE
at 0 ps, Instance /tbcdec_fixpt_tb/u_tbcdec_fixpt/ : Warning: NUMERIC_STD."<=": metavalue detected, returning FALSE
at 0 ps, Instance /tbcdec_fixpt_tb/u_tbcdec_fixpt/ : Warning: NUMERIC_STD."<=": metavalue detected, returning FALSE
at 0 ps, Instance /tbcdec_fixpt_tb/u_tbcdec_fixpt/ : Warning: NUMERIC_STD."<=": metavalue detected, returning FALSE
at 0 ps, Instance /tbcdec_fixpt_tb/u_tbcdec_fixpt/ : Warning: NUMERIC_STD."<=": metavalue detected, returning FALSE
at 0 ps, Instance /tbcdec_fixpt_tb/u_tbcdec_fixpt/ : Warning: NUMERIC_STD."<=": metavalue detected, returning FALSE
at 0 ps, Instance /tbcdec_fixpt_tb/u_tbcdec_fixpt/ : Warning: NUMERIC_STD."<=": metavalue detected, returning FALSE
at 0 ps, Instance /tbcdec_fixpt_tb/u_tbcdec_fixpt/ : Warning: NUMERIC_STD."<=": metavalue detected, returning FALSE
at 0 ps, Instance /tbcdec_fixpt_tb/u_tbcdec_fixpt/ : Warning: NUMERIC_STD."<=": metavalue detected, returning FALSE
at 0 ps, Instance /tbcdec_fixpt_tb/u_tbcdec_fixpt/ : Warning: NUMERIC_STD."<=": metavalue detected, returning FALSE
at 0 ps, Instance /tbcdec_fixpt_tb/u_tbcdec_fixpt/ : Warning: NUMERIC_STD."<=": metavalue detected, returning FALSE
at 0 ps, Instance /tbcdec_fixpt_tb/u_tbcdec_fixpt/ : Warning: NUMERIC_STD."<=": metavalue detected, returning FALSE
at 0 ps, Instance /tbcdec_fixpt_tb/u_tbcdec_fixpt/ : Warning: NUMERIC_STD."<=": metavalue detected, returning FALSE
at 0 ps, Instance /tbcdec_fixpt_tb/u_tbcdec_fixpt/ : Warning: NUMERIC_STD."<=": metavalue detected, returning FALSE
at 0 ps, Instance /tbcdec_fixpt_tb/u_tbcdec_fixpt/ : Warning: NUMERIC_STD."<=": metavalue detected, returning FALSE
at 0 ps, Instance /tbcdec_fixpt_tb/u_tbcdec_fixpt/ : Warning: NUMERIC_STD."<=": metavalue detected, returning FALSE
at 0 ps, Instance /tbcdec_fixpt_tb/u_tbcdec_fixpt/ : Warning: NUMERIC_STD."<=": metavalue detected, returning FALSE
at 0 ps, Instance /tbcdec_fixpt_tb/u_tbcdec_fixpt/ : Warning: NUMERIC_STD."<=": metavalue detected, returning FALSE
at 0 ps, Instance /tbcdec_fixpt_tb/u_tbcdec_fixpt/ : Warning: NUMERIC_STD."<=": metavalue detected, returning FALSE
at 0 ps, Instance /tbcdec_fixpt_tb/u_tbcdec_fixpt/ : Warning: NUMERIC_STD."<=": metavalue detected, returning FALSE
at 0 ps, Instance /tbcdec_fixpt_tb/u_tbcdec_fixpt/ : Warning: NUMERIC_STD."<=": metavalue detected, returning FALSE
at 0 ps, Instance /tbcdec_fixpt_tb/u_tbcdec_fixpt/ : Warning: NUMERIC_STD."<=": metavalue detected, returning FALSE
at 0 ps, Instance /tbcdec_fixpt_tb/u_tbcdec_fixpt/ : Warning: NUMERIC_STD."<=": metavalue detected, returning FALSE
at 0 ps, Instance /tbcdec_fixpt_tb/u_tbcdec_fixpt/ : Warning: NUMERIC_STD."<=": metavalue detected, returning FALSE
at 0 ps, Instance /tbcdec_fixpt_tb/u_tbcdec_fixpt/ : Warning: NUMERIC_STD."<=": metavalue detected, returning FALSE
at 0 ps, Instance /tbcdec_fixpt_tb/u_tbcdec_fixpt/ : Warning: NUMERIC_STD."<=": metavalue detected, returning FALSE
at 0 ps, Instance /tbcdec_fixpt_tb/u_tbcdec_fixpt/ : Warning: NUMERIC_STD."<=": metavalue detected, returning FALSE
at 0 ps, Instance /tbcdec_fixpt_tb/u_tbcdec_fixpt/ : Warning: NUMERIC_STD."<=": metavalue detected, returning FALSE
at 0 ps, Instance /tbcdec_fixpt_tb/u_tbcdec_fixpt/ : Warning: NUMERIC_STD."<=": metavalue detected, returning FALSE
at 0 ps, Instance /tbcdec_fixpt_tb/u_tbcdec_fixpt/ : Warning: NUMERIC_STD."<=": metavalue detected, returning FALSE
at 0 ps, Instance /tbcdec_fixpt_tb/u_tbcdec_fixpt/ : Warning: NUMERIC_STD."<=": metavalue detected, returning FALSE
at 0 ps, Instance /tbcdec_fixpt_tb/u_tbcdec_fixpt/ : Warning: NUMERIC_STD."<=": metavalue detected, returning FALSE
at 0 ps, Instance /tbcdec_fixpt_tb/u_tbcdec_fixpt/ : Warning: NUMERIC_STD."<=": metavalue detected, returning FALSE
at 0 ps, Instance /tbcdec_fixpt_tb/u_tbcdec_fixpt/ : Warning: NUMERIC_STD."<=": metavalue detected, returning FALSE
at 0 ps, Instance /tbcdec_fixpt_tb/u_tbcdec_fixpt/ : Warning: NUMERIC_STD."<=": metavalue detected, returning FALSE
at 0 ps, Instance /tbcdec_fixpt_tb/u_tbcdec_fixpt/ : Warning: NUMERIC_STD."<=": metavalue detected, returning FALSE
at 0 ps, Instance /tbcdec_fixpt_tb/u_tbcdec_fixpt/ : Warning: NUMERIC_STD."<=": metavalue detected, returning FALSE
at 0 ps, Instance /tbcdec_fixpt_tb/u_tbcdec_fixpt/ : Warning: NUMERIC_STD."<=": metavalue detected, returning FALSE
at 0 ps, Instance /tbcdec_fixpt_tb/u_tbcdec_fixpt/ : Warning: NUMERIC_STD."<=": metavalue detected, returning FALSE
at 0 ps, Instance /tbcdec_fixpt_tb/u_tbcdec_fixpt/ : Warning: NUMERIC_STD."<=": metavalue detected, returning FALSE
at 0 ps, Instance /tbcdec_fixpt_tb/u_tbcdec_fixpt/ : Warning: NUMERIC_STD."<=": metavalue detected, returning FALSE
at 0 ps, Instance /tbcdec_fixpt_tb/u_tbcdec_fixpt/ : Warning: NUMERIC_STD."<=": metavalue detected, returning FALSE
at 0 ps, Instance /tbcdec_fixpt_tb/u_tbcdec_fixpt/ : Warning: NUMERIC_STD."<=": metavalue detected, returning FALSE
at 0 ps, Instance /tbcdec_fixpt_tb/u_tbcdec_fixpt/ : Warning: NUMERIC_STD."<=": metavalue detected, returning FALSE
at 0 ps, Instance /tbcdec_fixpt_tb/u_tbcdec_fixpt/ : Warning: NUMERIC_STD."<=": metavalue detected, returning FALSE
at 0 ps, Instance /tbcdec_fixpt_tb/u_tbcdec_fixpt/ : Warning: NUMERIC_STD."<=": metavalue detected, returning FALSE
at 0 ps, Instance /tbcdec_fixpt_tb/u_tbcdec_fixpt/ : Warning: NUMERIC_STD."<=": metavalue detected, returning FALSE
at 0 ps, Instance /tbcdec_fixpt_tb/u_tbcdec_fixpt/ : Warning: NUMERIC_STD."<=": metavalue detected, returning FALSE
at 0 ps, Instance /tbcdec_fixpt_tb/u_tbcdec_fixpt/ : Warning: NUMERIC_STD."<=": metavalue detected, returning FALSE
at 0 ps, Instance /tbcdec_fixpt_tb/u_tbcdec_fixpt/ : Warning: NUMERIC_STD."<=": metavalue detected, returning FALSE
at 0 ps, Instance /tbcdec_fixpt_tb/u_tbcdec_fixpt/ : Warning: NUMERIC_STD."<=": metavalue detected, returning FALSE
at 0 ps, Instance /tbcdec_fixpt_tb/u_tbcdec_fixpt/ : Warning: NUMERIC_STD."<=": metavalue detected, returning FALSE
at 0 ps, Instance /tbcdec_fixpt_tb/u_tbcdec_fixpt/ : Warning: NUMERIC_STD."<=": metavalue detected, returning FALSE
at 0 ps, Instance /tbcdec_fixpt_tb/u_tbcdec_fixpt/ : Warning: NUMERIC_STD."<=": metavalue detected, returning FALSE
at 0 ps, Instance /tbcdec_fixpt_tb/u_tbcdec_fixpt/ : Warning: NUMERIC_STD."<=": metavalue detected, returning FALSE
at 0 ps, Instance /tbcdec_fixpt_tb/u_tbcdec_fixpt/ : Warning: NUMERIC_STD."<=": metavalue detected, returning FALSE
at 0 ps, Instance /tbcdec_fixpt_tb/u_tbcdec_fixpt/ : Warning: NUMERIC_STD."<=": metavalue detected, returning FALSE
at 0 ps, Instance /tbcdec_fixpt_tb/u_tbcdec_fixpt/ : Warning: NUMERIC_STD."<=": metavalue detected, returning FALSE
at 0 ps, Instance /tbcdec_fixpt_tb/u_tbcdec_fixpt/ : Warning: NUMERIC_STD."<=": metavalue detected, returning FALSE
at 0 ps, Instance /tbcdec_fixpt_tb/u_tbcdec_fixpt/ : Warning: NUMERIC_STD."<=": metavalue detected, returning FALSE
at 0 ps, Instance /tbcdec_fixpt_tb/u_tbcdec_fixpt/ : Warning: NUMERIC_STD."<=": metavalue detected, returning FALSE
at 0 ps, Instance /tbcdec_fixpt_tb/u_tbcdec_fixpt/ : Warning: NUMERIC_STD."<=": metavalue detected, returning FALSE
at 0 ps, Instance /tbcdec_fixpt_tb/u_tbcdec_fixpt/ : Warning: NUMERIC_STD."<=": metavalue detected, returning FALSE
at 0 ps, Instance /tbcdec_fixpt_tb/u_tbcdec_fixpt/ : Warning: NUMERIC_STD."<=": metavalue detected, returning FALSE
at 0 ps, Instance /tbcdec_fixpt_tb/u_tbcdec_fixpt/ : Warning: NUMERIC_STD."<=": metavalue detected, returning FALSE
at 0 ps, Instance /tbcdec_fixpt_tb/u_tbcdec_fixpt/ : Warning: NUMERIC_STD."<=": metavalue detected, returning FALSE
at 0 ps, Instance /tbcdec_fixpt_tb/u_tbcdec_fixpt/ : Warning: NUMERIC_STD."<=": metavalue detected, returning FALSE
at 0 ps, Instance /tbcdec_fixpt_tb/u_tbcdec_fixpt/ : Warning: NUMERIC_STD."<=": metavalue detected, returning FALSE
at 0 ps, Instance /tbcdec_fixpt_tb/u_tbcdec_fixpt/ : Warning: NUMERIC_STD."<=": metavalue detected, returning FALSE
at 0 ps, Instance /tbcdec_fixpt_tb/u_tbcdec_fixpt/ : Warning: NUMERIC_STD."<=": metavalue detected, returning FALSE
at 0 ps, Instance /tbcdec_fixpt_tb/u_tbcdec_fixpt/ : Warning: NUMERIC_STD."<=": metavalue detected, returning FALSE
at 0 ps, Instance /tbcdec_fixpt_tb/u_tbcdec_fixpt/ : Warning: NUMERIC_STD."<=": metavalue detected, returning FALSE
at 0 ps, Instance /tbcdec_fixpt_tb/u_tbcdec_fixpt/ : Warning: NUMERIC_STD."<=": metavalue detected, returning FALSE
at 0 ps, Instance /tbcdec_fixpt_tb/u_tbcdec_fixpt/ : Warning: NUMERIC_STD."<=": metavalue detected, returning FALSE
at 0 ps, Instance /tbcdec_fixpt_tb/u_tbcdec_fixpt/ : Warning: NUMERIC_STD."<=": metavalue detected, returning FALSE
at 0 ps, Instance /tbcdec_fixpt_tb/u_tbcdec_fixpt/ : Warning: NUMERIC_STD."<=": metavalue detected, returning FALSE
at 0 ps, Instance /tbcdec_fixpt_tb/u_tbcdec_fixpt/ : Warning: NUMERIC_STD."<=": metavalue detected, returning FALSE
at 0 ps, Instance /tbcdec_fixpt_tb/u_tbcdec_fixpt/ : Warning: NUMERIC_STD."<=": metavalue detected, returning FALSE
at 0 ps, Instance /tbcdec_fixpt_tb/u_tbcdec_fixpt/ : Warning: NUMERIC_STD."<=": metavalue detected, returning FALSE
at 0 ps, Instance /tbcdec_fixpt_tb/u_tbcdec_fixpt/ : Warning: NUMERIC_STD."<=": metavalue detected, returning FALSE
at 0 ps, Instance /tbcdec_fixpt_tb/u_tbcdec_fixpt/ : Warning: NUMERIC_STD."<=": metavalue detected, returning FALSE
at 0 ps, Instance /tbcdec_fixpt_tb/u_tbcdec_fixpt/ : Warning: NUMERIC_STD."<=": metavalue detected, returning FALSE
at 0 ps, Instance /tbcdec_fixpt_tb/u_tbcdec_fixpt/ : Warning: NUMERIC_STD."<=": metavalue detected, returning FALSE
at 0 ps, Instance /tbcdec_fixpt_tb/u_tbcdec_fixpt/ : Warning: NUMERIC_STD."<=": metavalue detected, returning FALSE
at 0 ps, Instance /tbcdec_fixpt_tb/u_tbcdec_fixpt/ : Warning: NUMERIC_STD."<=": metavalue detected, returning FALSE
at 0 ps, Instance /tbcdec_fixpt_tb/u_tbcdec_fixpt/ : Warning: NUMERIC_STD."<=": metavalue detected, returning FALSE
at 0 ps, Instance /tbcdec_fixpt_tb/u_tbcdec_fixpt/ : Warning: NUMERIC_STD."<=": metavalue detected, returning FALSE
at 0 ps, Instance /tbcdec_fixpt_tb/u_tbcdec_fixpt/ : Warning: NUMERIC_STD."<=": metavalue detected, returning FALSE
at 0 ps, Instance /tbcdec_fixpt_tb/u_tbcdec_fixpt/ : Warning: NUMERIC_STD."<=": metavalue detected, returning FALSE
at 0 ps, Instance /tbcdec_fixpt_tb/u_tbcdec_fixpt/ : Warning: NUMERIC_STD."<=": metavalue detected, returning FALSE
at 0 ps, Instance /tbcdec_fixpt_tb/u_tbcdec_fixpt/ : Warning: NUMERIC_STD."<=": metavalue detected, returning FALSE
at 0 ps, Instance /tbcdec_fixpt_tb/u_tbcdec_fixpt/ : Warning: NUMERIC_STD."<=": metavalue detected, returning FALSE
at 0 ps, Instance /tbcdec_fixpt_tb/u_tbcdec_fixpt/ : Warning: NUMERIC_STD."<=": metavalue detected, returning FALSE
at 0 ps, Instance /tbcdec_fixpt_tb/u_tbcdec_fixpt/ : Warning: NUMERIC_STD."<=": metavalue detected, returning FALSE
at 0 ps, Instance /tbcdec_fixpt_tb/u_tbcdec_fixpt/ : Warning: NUMERIC_STD."<=": metavalue detected, returning FALSE
at 0 ps, Instance /tbcdec_fixpt_tb/u_tbcdec_fixpt/ : Warning: NUMERIC_STD."<=": metavalue detected, returning FALSE
at 0 ps, Instance /tbcdec_fixpt_tb/u_tbcdec_fixpt/ : Warning: NUMERIC_STD."<=": metavalue detected, returning FALSE
at 0 ps, Instance /tbcdec_fixpt_tb/u_tbcdec_fixpt/ : Warning: NUMERIC_STD."<=": metavalue detected, returning FALSE
at 0 ps, Instance /tbcdec_fixpt_tb/u_tbcdec_fixpt/ : Warning: NUMERIC_STD."<=": metavalue detected, returning FALSE
at 0 ps, Instance /tbcdec_fixpt_tb/u_tbcdec_fixpt/ : Warning: NUMERIC_STD."<=": metavalue detected, returning FALSE
at 0 ps, Instance /tbcdec_fixpt_tb/u_tbcdec_fixpt/ : Warning: NUMERIC_STD."<=": metavalue detected, returning FALSE
at 0 ps, Instance /tbcdec_fixpt_tb/u_tbcdec_fixpt/ : Warning: NUMERIC_STD."<=": metavalue detected, returning FALSE
at 0 ps, Instance /tbcdec_fixpt_tb/u_tbcdec_fixpt/ : Warning: NUMERIC_STD."<=": metavalue detected, returning FALSE
at 0 ps, Instance /tbcdec_fixpt_tb/u_tbcdec_fixpt/ : Warning: NUMERIC_STD."<=": metavalue detected, returning FALSE
at 0 ps, Instance /tbcdec_fixpt_tb/u_tbcdec_fixpt/ : Warning: NUMERIC_STD."<=": metavalue detected, returning FALSE
at 0 ps, Instance /tbcdec_fixpt_tb/u_tbcdec_fixpt/ : Warning: NUMERIC_STD."<=": metavalue detected, returning FALSE
at 0 ps, Instance /tbcdec_fixpt_tb/u_tbcdec_fixpt/ : Warning: NUMERIC_STD."<=": metavalue detected, returning FALSE
at 0 ps, Instance /tbcdec_fixpt_tb/u_tbcdec_fixpt/ : Warning: NUMERIC_STD."<=": metavalue detected, returning FALSE
at 0 ps, Instance /tbcdec_fixpt_tb/u_tbcdec_fixpt/ : Warning: NUMERIC_STD."<=": metavalue detected, returning FALSE
at 0 ps, Instance /tbcdec_fixpt_tb/u_tbcdec_fixpt/ : Warning: NUMERIC_STD."<=": metavalue detected, returning FALSE
at 0 ps, Instance /tbcdec_fixpt_tb/u_tbcdec_fixpt/ : Warning: NUMERIC_STD."<=": metavalue detected, returning FALSE
at 0 ps, Instance /tbcdec_fixpt_tb/u_tbcdec_fixpt/ : Warning: NUMERIC_STD."<=": metavalue detected, returning FALSE
at 0 ps, Instance /tbcdec_fixpt_tb/u_tbcdec_fixpt/ : Warning: NUMERIC_STD."<=": metavalue detected, returning FALSE
at 0 ps, Instance /tbcdec_fixpt_tb/u_tbcdec_fixpt/ : Warning: NUMERIC_STD."<=": metavalue detected, returning FALSE
at 0 ps, Instance /tbcdec_fixpt_tb/u_tbcdec_fixpt/ : Warning: NUMERIC_STD."<=": metavalue detected, returning FALSE
at 0 ps, Instance /tbcdec_fixpt_tb/u_tbcdec_fixpt/ : Warning: NUMERIC_STD."<=": metavalue detected, returning FALSE
at 0 ps, Instance /tbcdec_fixpt_tb/u_tbcdec_fixpt/ : Warning: NUMERIC_STD."<=": metavalue detected, returning FALSE
at 0 ps, Instance /tbcdec_fixpt_tb/u_tbcdec_fixpt/ : Warning: NUMERIC_STD."<=": metavalue detected, returning FALSE
at 0 ps, Instance /tbcdec_fixpt_tb/u_tbcdec_fixpt/ : Warning: NUMERIC_STD."<=": metavalue detected, returning FALSE
at 0 ps, Instance /tbcdec_fixpt_tb/u_tbcdec_fixpt/ : Warning: NUMERIC_STD."<=": metavalue detected, returning FALSE
at 0 ps, Instance /tbcdec_fixpt_tb/u_tbcdec_fixpt/ : Warning: NUMERIC_STD."<=": metavalue detected, returning FALSE
at 0 ps, Instance /tbcdec_fixpt_tb/u_tbcdec_fixpt/ : Warning: NUMERIC_STD."<=": metavalue detected, returning FALSE
at 0 ps, Instance /tbcdec_fixpt_tb/u_tbcdec_fixpt/ : Warning: NUMERIC_STD."<=": metavalue detected, returning FALSE
at 0 ps, Instance /tbcdec_fixpt_tb/u_tbcdec_fixpt/ : Warning: NUMERIC_STD."<=": metavalue detected, returning FALSE
at 0 ps, Instance /tbcdec_fixpt_tb/u_tbcdec_fixpt/ : Warning: NUMERIC_STD."<=": metavalue detected, returning FALSE
at 0 ps, Instance /tbcdec_fixpt_tb/u_tbcdec_fixpt/ : Warning: NUMERIC_STD."<=": metavalue detected, returning FALSE
at 0 ps, Instance /tbcdec_fixpt_tb/u_tbcdec_fixpt/ : Warning: NUMERIC_STD."<=": metavalue detected, returning FALSE
at 0 ps, Instance /tbcdec_fixpt_tb/u_tbcdec_fixpt/ : Warning: NUMERIC_STD."<=": metavalue detected, returning FALSE
at 0 ps, Instance /tbcdec_fixpt_tb/u_tbcdec_fixpt/ : Warning: NUMERIC_STD."<=": metavalue detected, returning FALSE
at 0 ps, Instance /tbcdec_fixpt_tb/u_tbcdec_fixpt/ : Warning: NUMERIC_STD."<=": metavalue detected, returning FALSE
at 0 ps, Instance /tbcdec_fixpt_tb/u_tbcdec_fixpt/ : Warning: NUMERIC_STD."<=": metavalue detected, returning FALSE
at 0 ps, Instance /tbcdec_fixpt_tb/u_tbcdec_fixpt/ : Warning: NUMERIC_STD."<=": metavalue detected, returning FALSE
at 0 ps, Instance /tbcdec_fixpt_tb/u_tbcdec_fixpt/ : Warning: NUMERIC_STD."<=": metavalue detected, returning FALSE
at 0 ps, Instance /tbcdec_fixpt_tb/u_tbcdec_fixpt/ : Warning: NUMERIC_STD."<=": metavalue detected, returning FALSE
at 0 ps, Instance /tbcdec_fixpt_tb/u_tbcdec_fixpt/ : Warning: NUMERIC_STD."<=": metavalue detected, returning FALSE
at 0 ps, Instance /tbcdec_fixpt_tb/u_tbcdec_fixpt/ : Warning: NUMERIC_STD."<=": metavalue detected, returning FALSE
at 0 ps, Instance /tbcdec_fixpt_tb/u_tbcdec_fixpt/ : Warning: NUMERIC_STD."<=": metavalue detected, returning FALSE
at 0 ps, Instance /tbcdec_fixpt_tb/u_tbcdec_fixpt/ : Warning: NUMERIC_STD."<=": metavalue detected, returning FALSE
at 0 ps, Instance /tbcdec_fixpt_tb/u_tbcdec_fixpt/ : Warning: NUMERIC_STD."<=": metavalue detected, returning FALSE
at 0 ps, Instance /tbcdec_fixpt_tb/u_tbcdec_fixpt/ : Warning: NUMERIC_STD."<=": metavalue detected, returning FALSE
at 0 ps, Instance /tbcdec_fixpt_tb/u_tbcdec_fixpt/ : Warning: NUMERIC_STD."<=": metavalue detected, returning FALSE
at 0 ps, Instance /tbcdec_fixpt_tb/u_tbcdec_fixpt/ : Warning: NUMERIC_STD."<=": metavalue detected, returning FALSE
at 0 ps, Instance /tbcdec_fixpt_tb/u_tbcdec_fixpt/ : Warning: NUMERIC_STD."<=": metavalue detected, returning FALSE
at 0 ps, Instance /tbcdec_fixpt_tb/u_tbcdec_fixpt/ : Warning: NUMERIC_STD."<=": metavalue detected, returning FALSE
at 0 ps, Instance /tbcdec_fixpt_tb/u_tbcdec_fixpt/ : Warning: NUMERIC_STD."<=": metavalue detected, returning FALSE
at 0 ps, Instance /tbcdec_fixpt_tb/u_tbcdec_fixpt/ : Warning: NUMERIC_STD."<=": metavalue detected, returning FALSE
at 0 ps, Instance /tbcdec_fixpt_tb/u_tbcdec_fixpt/ : Warning: NUMERIC_STD."<=": metavalue detected, returning FALSE
at 0 ps, Instance /tbcdec_fixpt_tb/u_tbcdec_fixpt/ : Warning: NUMERIC_STD."<=": metavalue detected, returning FALSE
at 0 ps, Instance /tbcdec_fixpt_tb/u_tbcdec_fixpt/ : Warning: NUMERIC_STD."<=": metavalue detected, returning FALSE
at 0 ps, Instance /tbcdec_fixpt_tb/u_tbcdec_fixpt/ : Warning: NUMERIC_STD."<=": metavalue detected, returning FALSE
at 0 ps, Instance /tbcdec_fixpt_tb/u_tbcdec_fixpt/ : Warning: NUMERIC_STD."<=": metavalue detected, returning FALSE
at 0 ps, Instance /tbcdec_fixpt_tb/u_tbcdec_fixpt/ : Warning: NUMERIC_STD."<=": metavalue detected, returning FALSE
at 0 ps, Instance /tbcdec_fixpt_tb/u_tbcdec_fixpt/ : Warning: NUMERIC_STD."<=": metavalue detected, returning FALSE
at 0 ps, Instance /tbcdec_fixpt_tb/u_tbcdec_fixpt/ : Warning: NUMERIC_STD."<=": metavalue detected, returning FALSE
at 0 ps, Instance /tbcdec_fixpt_tb/u_tbcdec_fixpt/ : Warning: NUMERIC_STD."<=": metavalue detected, returning FALSE
at 0 ps, Instance /tbcdec_fixpt_tb/u_tbcdec_fixpt/ : Warning: NUMERIC_STD."<=": metavalue detected, returning FALSE
at 0 ps, Instance /tbcdec_fixpt_tb/u_tbcdec_fixpt/ : Warning: NUMERIC_STD."<=": metavalue detected, returning FALSE
at 0 ps, Instance /tbcdec_fixpt_tb/u_tbcdec_fixpt/ : Warning: NUMERIC_STD."<=": metavalue detected, returning FALSE
at 0 ps, Instance /tbcdec_fixpt_tb/u_tbcdec_fixpt/ : Warning: NUMERIC_STD."<=": metavalue detected, returning FALSE
at 0 ps, Instance /tbcdec_fixpt_tb/u_tbcdec_fixpt/ : Warning: NUMERIC_STD."<=": metavalue detected, returning FALSE
at 0 ps, Instance /tbcdec_fixpt_tb/u_tbcdec_fixpt/ : Warning: NUMERIC_STD."<=": metavalue detected, returning FALSE
at 0 ps, Instance /tbcdec_fixpt_tb/u_tbcdec_fixpt/ : Warning: NUMERIC_STD."<=": metavalue detected, returning FALSE
at 0 ps, Instance /tbcdec_fixpt_tb/u_tbcdec_fixpt/ : Warning: NUMERIC_STD."<=": metavalue detected, returning FALSE
at 0 ps, Instance /tbcdec_fixpt_tb/u_tbcdec_fixpt/ : Warning: NUMERIC_STD."<=": metavalue detected, returning FALSE
at 0 ps, Instance /tbcdec_fixpt_tb/u_tbcdec_fixpt/ : Warning: NUMERIC_STD."<=": metavalue detected, returning FALSE
at 0 ps, Instance /tbcdec_fixpt_tb/u_tbcdec_fixpt/ : Warning: NUMERIC_STD."<=": metavalue detected, returning FALSE
at 0 ps, Instance /tbcdec_fixpt_tb/u_tbcdec_fixpt/ : Warning: NUMERIC_STD."<=": metavalue detected, returning FALSE
at 0 ps, Instance /tbcdec_fixpt_tb/u_tbcdec_fixpt/ : Warning: NUMERIC_STD."<=": metavalue detected, returning FALSE
at 0 ps, Instance /tbcdec_fixpt_tb/u_tbcdec_fixpt/ : Warning: NUMERIC_STD."<=": metavalue detected, returning FALSE
at 0 ps, Instance /tbcdec_fixpt_tb/u_tbcdec_fixpt/ : Warning: NUMERIC_STD."<=": metavalue detected, returning FALSE
at 0 ps, Instance /tbcdec_fixpt_tb/u_tbcdec_fixpt/ : Warning: NUMERIC_STD."<=": metavalue detected, returning FALSE
at 0 ps, Instance /tbcdec_fixpt_tb/u_tbcdec_fixpt/ : Warning: NUMERIC_STD."<=": metavalue detected, returning FALSE
at 0 ps, Instance /tbcdec_fixpt_tb/u_tbcdec_fixpt/ : Warning: NUMERIC_STD."<=": metavalue detected, returning FALSE
at 0 ps, Instance /tbcdec_fixpt_tb/u_tbcdec_fixpt/ : Warning: NUMERIC_STD."<=": metavalue detected, returning FALSE
at 0 ps, Instance /tbcdec_fixpt_tb/u_tbcdec_fixpt/ : Warning: NUMERIC_STD."<=": metavalue detected, returning FALSE
at 0 ps, Instance /tbcdec_fixpt_tb/u_tbcdec_fixpt/ : Warning: NUMERIC_STD."<=": metavalue detected, returning FALSE
at 0 ps, Instance /tbcdec_fixpt_tb/u_tbcdec_fixpt/ : Warning: NUMERIC_STD."<=": metavalue detected, returning FALSE
at 0 ps, Instance /tbcdec_fixpt_tb/u_tbcdec_fixpt/ : Warning: NUMERIC_STD."<=": metavalue detected, returning FALSE
at 0 ps, Instance /tbcdec_fixpt_tb/u_tbcdec_fixpt/ : Warning: NUMERIC_STD."<=": metavalue detected, returning FALSE
at 0 ps, Instance /tbcdec_fixpt_tb/u_tbcdec_fixpt/ : Warning: NUMERIC_STD."<=": metavalue detected, returning FALSE
at 0 ps, Instance /tbcdec_fixpt_tb/u_tbcdec_fixpt/ : Warning: NUMERIC_STD."<=": metavalue detected, returning FALSE
at 0 ps, Instance /tbcdec_fixpt_tb/u_tbcdec_fixpt/ : Warning: NUMERIC_STD."<=": metavalue detected, returning FALSE
at 0 ps, Instance /tbcdec_fixpt_tb/u_tbcdec_fixpt/ : Warning: NUMERIC_STD."<=": metavalue detected, returning FALSE
at 0 ps, Instance /tbcdec_fixpt_tb/u_tbcdec_fixpt/ : Warning: NUMERIC_STD."<=": metavalue detected, returning FALSE
at 0 ps, Instance /tbcdec_fixpt_tb/u_tbcdec_fixpt/ : Warning: NUMERIC_STD."<=": metavalue detected, returning FALSE
at 0 ps, Instance /tbcdec_fixpt_tb/u_tbcdec_fixpt/ : Warning: NUMERIC_STD."<=": metavalue detected, returning FALSE
at 0 ps, Instance /tbcdec_fixpt_tb/u_tbcdec_fixpt/ : Warning: NUMERIC_STD."<=": metavalue detected, returning FALSE
at 0 ps, Instance /tbcdec_fixpt_tb/u_tbcdec_fixpt/ : Warning: NUMERIC_STD."<=": metavalue detected, returning FALSE
at 0 ps, Instance /tbcdec_fixpt_tb/u_tbcdec_fixpt/ : Warning: NUMERIC_STD."<=": metavalue detected, returning FALSE
at 0 ps, Instance /tbcdec_fixpt_tb/u_tbcdec_fixpt/ : Warning: NUMERIC_STD."<=": metavalue detected, returning FALSE
at 0 ps, Instance /tbcdec_fixpt_tb/u_tbcdec_fixpt/ : Warning: NUMERIC_STD."<=": metavalue detected, returning FALSE
at 0 ps, Instance /tbcdec_fixpt_tb/u_tbcdec_fixpt/ : Warning: NUMERIC_STD."<=": metavalue detected, returning FALSE
at 0 ps, Instance /tbcdec_fixpt_tb/u_tbcdec_fixpt/ : Warning: NUMERIC_STD."<=": metavalue detected, returning FALSE
at 0 ps, Instance /tbcdec_fixpt_tb/u_tbcdec_fixpt/ : Warning: NUMERIC_STD."<=": metavalue detected, returning FALSE
at 0 ps, Instance /tbcdec_fixpt_tb/u_tbcdec_fixpt/ : Warning: NUMERIC_STD."<=": metavalue detected, returning FALSE
at 0 ps, Instance /tbcdec_fixpt_tb/u_tbcdec_fixpt/ : Warning: NUMERIC_STD."<=": metavalue detected, returning FALSE
at 0 ps, Instance /tbcdec_fixpt_tb/u_tbcdec_fixpt/ : Warning: NUMERIC_STD."<=": metavalue detected, returning FALSE
at 0 ps, Instance /tbcdec_fixpt_tb/u_tbcdec_fixpt/ : Warning: NUMERIC_STD."<=": metavalue detected, returning FALSE
at 0 ps, Instance /tbcdec_fixpt_tb/u_tbcdec_fixpt/ : Warning: NUMERIC_STD."<=": metavalue detected, returning FALSE
at 0 ps, Instance /tbcdec_fixpt_tb/u_tbcdec_fixpt/ : Warning: NUMERIC_STD."<=": metavalue detected, returning FALSE
at 0 ps, Instance /tbcdec_fixpt_tb/u_tbcdec_fixpt/ : Warning: NUMERIC_STD."<=": metavalue detected, returning FALSE
at 0 ps, Instance /tbcdec_fixpt_tb/u_tbcdec_fixpt/ : Warning: NUMERIC_STD."<=": metavalue detected, returning FALSE
at 0 ps, Instance /tbcdec_fixpt_tb/u_tbcdec_fixpt/ : Warning: NUMERIC_STD."<=": metavalue detected, returning FALSE
at 0 ps, Instance /tbcdec_fixpt_tb/u_tbcdec_fixpt/ : Warning: NUMERIC_STD."<=": metavalue detected, returning FALSE
at 0 ps, Instance /tbcdec_fixpt_tb/u_tbcdec_fixpt/ : Warning: NUMERIC_STD."<=": metavalue detected, returning FALSE
at 0 ps, Instance /tbcdec_fixpt_tb/u_tbcdec_fixpt/ : Warning: NUMERIC_STD."<=": metavalue detected, returning FALSE
at 0 ps, Instance /tbcdec_fixpt_tb/u_tbcdec_fixpt/ : Warning: NUMERIC_STD."<=": metavalue detected, returning FALSE
at 0 ps, Instance /tbcdec_fixpt_tb/u_tbcdec_fixpt/ : Warning: NUMERIC_STD."<=": metavalue detected, returning FALSE
at 0 ps, Instance /tbcdec_fixpt_tb/u_tbcdec_fixpt/ : Warning: NUMERIC_STD."<=": metavalue detected, returning FALSE
at 0 ps, Instance /tbcdec_fixpt_tb/u_tbcdec_fixpt/ : Warning: NUMERIC_STD."<=": metavalue detected, returning FALSE
at 0 ps, Instance /tbcdec_fixpt_tb/u_tbcdec_fixpt/ : Warning: NUMERIC_STD."<=": metavalue detected, returning FALSE
at 0 ps, Instance /tbcdec_fixpt_tb/u_tbcdec_fixpt/ : Warning: NUMERIC_STD."<=": metavalue detected, returning FALSE
at 0 ps, Instance /tbcdec_fixpt_tb/u_tbcdec_fixpt/ : Warning: NUMERIC_STD."<=": metavalue detected, returning FALSE
at 0 ps, Instance /tbcdec_fixpt_tb/u_tbcdec_fixpt/ : Warning: NUMERIC_STD."<=": metavalue detected, returning FALSE
at 0 ps, Instance /tbcdec_fixpt_tb/u_tbcdec_fixpt/ : Warning: NUMERIC_STD."<=": metavalue detected, returning FALSE
at 0 ps, Instance /tbcdec_fixpt_tb/u_tbcdec_fixpt/ : Warning: NUMERIC_STD."<=": metavalue detected, returning FALSE
at 0 ps, Instance /tbcdec_fixpt_tb/u_tbcdec_fixpt/ : Warning: NUMERIC_STD."<=": metavalue detected, returning FALSE
at 0 ps, Instance /tbcdec_fixpt_tb/u_tbcdec_fixpt/ : Warning: NUMERIC_STD."<=": metavalue detected, returning FALSE
at 0 ps, Instance /tbcdec_fixpt_tb/u_tbcdec_fixpt/ : Warning: NUMERIC_STD."<=": metavalue detected, returning FALSE
at 0 ps, Instance /tbcdec_fixpt_tb/u_tbcdec_fixpt/ : Warning: NUMERIC_STD."<=": metavalue detected, returning FALSE
at 0 ps, Instance /tbcdec_fixpt_tb/u_tbcdec_fixpt/ : Warning: NUMERIC_STD."<=": metavalue detected, returning FALSE
at 0 ps, Instance /tbcdec_fixpt_tb/u_tbcdec_fixpt/ : Warning: NUMERIC_STD."<=": metavalue detected, returning FALSE
at 0 ps, Instance /tbcdec_fixpt_tb/u_tbcdec_fixpt/ : Warning: NUMERIC_STD."<=": metavalue detected, returning FALSE
at 0 ps, Instance /tbcdec_fixpt_tb/u_tbcdec_fixpt/ : Warning: NUMERIC_STD."<=": metavalue detected, returning FALSE
at 0 ps, Instance /tbcdec_fixpt_tb/u_tbcdec_fixpt/ : Warning: NUMERIC_STD."<=": metavalue detected, returning FALSE
at 0 ps, Instance /tbcdec_fixpt_tb/u_tbcdec_fixpt/ : Warning: NUMERIC_STD."<=": metavalue detected, returning FALSE
at 0 ps, Instance /tbcdec_fixpt_tb/u_tbcdec_fixpt/ : Warning: NUMERIC_STD."<=": metavalue detected, returning FALSE
at 0 ps, Instance /tbcdec_fixpt_tb/u_tbcdec_fixpt/ : Warning: NUMERIC_STD."<=": metavalue detected, returning FALSE
at 0 ps, Instance /tbcdec_fixpt_tb/u_tbcdec_fixpt/ : Warning: NUMERIC_STD."<=": metavalue detected, returning FALSE
at 0 ps, Instance /tbcdec_fixpt_tb/u_tbcdec_fixpt/ : Warning: NUMERIC_STD."<=": metavalue detected, returning FALSE
at 0 ps, Instance /tbcdec_fixpt_tb/u_tbcdec_fixpt/ : Warning: NUMERIC_STD."<=": metavalue detected, returning FALSE
at 0 ps, Instance /tbcdec_fixpt_tb/u_tbcdec_fixpt/ : Warning: NUMERIC_STD."<=": metavalue detected, returning FALSE
at 0 ps, Instance /tbcdec_fixpt_tb/u_tbcdec_fixpt/ : Warning: NUMERIC_STD."<=": metavalue detected, returning FALSE
at 0 ps, Instance /tbcdec_fixpt_tb/u_tbcdec_fixpt/ : Warning: NUMERIC_STD."<=": metavalue detected, returning FALSE
at 0 ps, Instance /tbcdec_fixpt_tb/u_tbcdec_fixpt/ : Warning: NUMERIC_STD."<=": metavalue detected, returning FALSE
at 0 ps, Instance /tbcdec_fixpt_tb/u_tbcdec_fixpt/ : Warning: NUMERIC_STD."<=": metavalue detected, returning FALSE
at 0 ps, Instance /tbcdec_fixpt_tb/u_tbcdec_fixpt/ : Warning: NUMERIC_STD."<=": metavalue detected, returning FALSE
at 0 ps, Instance /tbcdec_fixpt_tb/u_tbcdec_fixpt/ : Warning: NUMERIC_STD."<=": metavalue detected, returning FALSE
at 0 ps, Instance /tbcdec_fixpt_tb/u_tbcdec_fixpt/ : Warning: NUMERIC_STD."<=": metavalue detected, returning FALSE
at 0 ps, Instance /tbcdec_fixpt_tb/u_tbcdec_fixpt/ : Warning: NUMERIC_STD."<=": metavalue detected, returning FALSE
at 0 ps, Instance /tbcdec_fixpt_tb/u_tbcdec_fixpt/ : Warning: NUMERIC_STD."<=": metavalue detected, returning FALSE
at 0 ps, Instance /tbcdec_fixpt_tb/u_tbcdec_fixpt/ : Warning: NUMERIC_STD."<=": metavalue detected, returning FALSE
at 0 ps, Instance /tbcdec_fixpt_tb/u_tbcdec_fixpt/ : Warning: NUMERIC_STD."<=": metavalue detected, returning FALSE
at 0 ps, Instance /tbcdec_fixpt_tb/u_tbcdec_fixpt/ : Warning: NUMERIC_STD."<=": metavalue detected, returning FALSE
at 0 ps, Instance /tbcdec_fixpt_tb/u_tbcdec_fixpt/ : Warning: NUMERIC_STD."<=": metavalue detected, returning FALSE
at 0 ps, Instance /tbcdec_fixpt_tb/u_tbcdec_fixpt/ : Warning: NUMERIC_STD."<=": metavalue detected, returning FALSE
at 0 ps, Instance /tbcdec_fixpt_tb/u_tbcdec_fixpt/ : Warning: NUMERIC_STD."<=": metavalue detected, returning FALSE
at 0 ps, Instance /tbcdec_fixpt_tb/u_tbcdec_fixpt/ : Warning: NUMERIC_STD."<=": metavalue detected, returning FALSE
at 0 ps, Instance /tbcdec_fixpt_tb/u_tbcdec_fixpt/ : Warning: NUMERIC_STD."<=": metavalue detected, returning FALSE
at 0 ps, Instance /tbcdec_fixpt_tb/u_tbcdec_fixpt/ : Warning: NUMERIC_STD."<=": metavalue detected, returning FALSE
at 0 ps, Instance /tbcdec_fixpt_tb/u_tbcdec_fixpt/ : Warning: NUMERIC_STD."<=": metavalue detected, returning FALSE
at 0 ps, Instance /tbcdec_fixpt_tb/u_tbcdec_fixpt/ : Warning: NUMERIC_STD."<=": metavalue detected, returning FALSE
at 0 ps, Instance /tbcdec_fixpt_tb/u_tbcdec_fixpt/ : Warning: NUMERIC_STD."<=": metavalue detected, returning FALSE
at 0 ps, Instance /tbcdec_fixpt_tb/u_tbcdec_fixpt/ : Warning: NUMERIC_STD."<=": metavalue detected, returning FALSE
at 0 ps, Instance /tbcdec_fixpt_tb/u_tbcdec_fixpt/ : Warning: NUMERIC_STD."<=": metavalue detected, returning FALSE
at 0 ps, Instance /tbcdec_fixpt_tb/u_tbcdec_fixpt/ : Warning: NUMERIC_STD."<=": metavalue detected, returning FALSE
at 0 ps, Instance /tbcdec_fixpt_tb/u_tbcdec_fixpt/ : Warning: NUMERIC_STD."<=": metavalue detected, returning FALSE
at 0 ps, Instance /tbcdec_fixpt_tb/u_tbcdec_fixpt/ : Warning: NUMERIC_STD."<=": metavalue detected, returning FALSE
at 0 ps, Instance /tbcdec_fixpt_tb/u_tbcdec_fixpt/ : Warning: NUMERIC_STD."<=": metavalue detected, returning FALSE
at 0 ps, Instance /tbcdec_fixpt_tb/u_tbcdec_fixpt/ : Warning: NUMERIC_STD."<=": metavalue detected, returning FALSE
at 0 ps, Instance /tbcdec_fixpt_tb/u_tbcdec_fixpt/ : Warning: NUMERIC_STD."<=": metavalue detected, returning FALSE
at 0 ps, Instance /tbcdec_fixpt_tb/u_tbcdec_fixpt/ : Warning: NUMERIC_STD."<=": metavalue detected, returning FALSE
at 0 ps, Instance /tbcdec_fixpt_tb/u_tbcdec_fixpt/ : Warning: NUMERIC_STD."<=": metavalue detected, returning FALSE
at 0 ps, Instance /tbcdec_fixpt_tb/u_tbcdec_fixpt/ : Warning: NUMERIC_STD."<=": metavalue detected, returning FALSE
at 0 ps, Instance /tbcdec_fixpt_tb/u_tbcdec_fixpt/ : Warning: NUMERIC_STD."<=": metavalue detected, returning FALSE
at 0 ps, Instance /tbcdec_fixpt_tb/u_tbcdec_fixpt/ : Warning: NUMERIC_STD."<=": metavalue detected, returning FALSE
at 0 ps, Instance /tbcdec_fixpt_tb/u_tbcdec_fixpt/ : Warning: NUMERIC_STD."<=": metavalue detected, returning FALSE
at 0 ps, Instance /tbcdec_fixpt_tb/u_tbcdec_fixpt/ : Warning: NUMERIC_STD."<=": metavalue detected, returning FALSE
at 0 ps, Instance /tbcdec_fixpt_tb/u_tbcdec_fixpt/ : Warning: NUMERIC_STD."<=": metavalue detected, returning FALSE
at 0 ps, Instance /tbcdec_fixpt_tb/u_tbcdec_fixpt/ : Warning: NUMERIC_STD."<=": metavalue detected, returning FALSE
at 0 ps, Instance /tbcdec_fixpt_tb/u_tbcdec_fixpt/ : Warning: NUMERIC_STD."<=": metavalue detected, returning FALSE
at 0 ps, Instance /tbcdec_fixpt_tb/u_tbcdec_fixpt/ : Warning: NUMERIC_STD."<=": metavalue detected, returning FALSE
at 0 ps, Instance /tbcdec_fixpt_tb/u_tbcdec_fixpt/ : Warning: NUMERIC_STD."<=": metavalue detected, returning FALSE
at 0 ps, Instance /tbcdec_fixpt_tb/u_tbcdec_fixpt/ : Warning: NUMERIC_STD."<=": metavalue detected, returning FALSE
at 0 ps, Instance /tbcdec_fixpt_tb/u_tbcdec_fixpt/ : Warning: NUMERIC_STD."<=": metavalue detected, returning FALSE
at 0 ps, Instance /tbcdec_fixpt_tb/u_tbcdec_fixpt/ : Warning: NUMERIC_STD."<=": metavalue detected, returning FALSE
at 0 ps, Instance /tbcdec_fixpt_tb/u_tbcdec_fixpt/ : Warning: NUMERIC_STD."<=": metavalue detected, returning FALSE
at 0 ps, Instance /tbcdec_fixpt_tb/u_tbcdec_fixpt/ : Warning: NUMERIC_STD."<=": metavalue detected, returning FALSE
at 0 ps, Instance /tbcdec_fixpt_tb/u_tbcdec_fixpt/ : Warning: NUMERIC_STD."<=": metavalue detected, returning FALSE
at 0 ps, Instance /tbcdec_fixpt_tb/u_tbcdec_fixpt/ : Warning: NUMERIC_STD."<=": metavalue detected, returning FALSE
at 0 ps, Instance /tbcdec_fixpt_tb/u_tbcdec_fixpt/ : Warning: NUMERIC_STD."<=": metavalue detected, returning FALSE
at 0 ps, Instance /tbcdec_fixpt_tb/u_tbcdec_fixpt/ : Warning: NUMERIC_STD."<=": metavalue detected, returning FALSE
at 0 ps, Instance /tbcdec_fixpt_tb/u_tbcdec_fixpt/ : Warning: NUMERIC_STD."<=": metavalue detected, returning FALSE
at 0 ps, Instance /tbcdec_fixpt_tb/u_tbcdec_fixpt/ : Warning: NUMERIC_STD."<=": metavalue detected, returning FALSE
at 0 ps, Instance /tbcdec_fixpt_tb/u_tbcdec_fixpt/ : Warning: NUMERIC_STD."<=": metavalue detected, returning FALSE
at 0 ps, Instance /tbcdec_fixpt_tb/u_tbcdec_fixpt/ : Warning: NUMERIC_STD."<=": metavalue detected, returning FALSE
at 0 ps, Instance /tbcdec_fixpt_tb/u_tbcdec_fixpt/ : Warning: NUMERIC_STD."<=": metavalue detected, returning FALSE
at 0 ps, Instance /tbcdec_fixpt_tb/u_tbcdec_fixpt/ : Warning: NUMERIC_STD."<=": metavalue detected, returning FALSE
at 0 ps, Instance /tbcdec_fixpt_tb/u_tbcdec_fixpt/ : Warning: NUMERIC_STD."<=": metavalue detected, returning FALSE
at 0 ps, Instance /tbcdec_fixpt_tb/u_tbcdec_fixpt/ : Warning: NUMERIC_STD."<=": metavalue detected, returning FALSE
at 0 ps, Instance /tbcdec_fixpt_tb/u_tbcdec_fixpt/ : Warning: NUMERIC_STD."<=": metavalue detected, returning FALSE
at 0 ps, Instance /tbcdec_fixpt_tb/u_tbcdec_fixpt/ : Warning: NUMERIC_STD."<=": metavalue detected, returning FALSE
at 0 ps, Instance /tbcdec_fixpt_tb/u_tbcdec_fixpt/ : Warning: NUMERIC_STD."<=": metavalue detected, returning FALSE
at 0 ps, Instance /tbcdec_fixpt_tb/u_tbcdec_fixpt/ : Warning: NUMERIC_STD."<=": metavalue detected, returning FALSE
at 0 ps, Instance /tbcdec_fixpt_tb/u_tbcdec_fixpt/ : Warning: NUMERIC_STD."<=": metavalue detected, returning FALSE
Finished circuit initialization process.
at 40 ns(1): Note: **************TEST COMPLETED (PASSED)************** (/tbcdec_fixpt_tb/).
# quit
