#-----------------------------------------------------------
# Vivado v2017.4 (64-bit)
# SW Build 2086221 on Fri Dec 15 20:54:30 MST 2017
# IP Build 2085800 on Fri Dec 15 22:25:07 MST 2017
# Start of session at: Tue Apr  9 14:55:51 2019
# Process ID: 17276
# Current directory: /home/sky/Documents/MATLAB/Turbo_codes/codegen/tbcdec/hdlsrc/vivado_prj
# Command line: vivado -mode batch -source tbcdec_fixpt_Xilinx_Vivado_run.tcl
# Log file: /home/sky/Documents/MATLAB/Turbo_codes/codegen/tbcdec/hdlsrc/vivado_prj/vivado.log
# Journal file: /home/sky/Documents/MATLAB/Turbo_codes/codegen/tbcdec/hdlsrc/vivado_prj/vivado.jou
#-----------------------------------------------------------
source tbcdec_fixpt_Xilinx_Vivado_run.tcl
# set myTool "Xilinx Vivado 2017.4"
# set myProject "tbcdec_fixpt_vivado"
# set myProjectFile "tbcdec_fixpt_vivado.xpr"
# set myTopLevelEntity "tbcdec_fixpt"
# set Family "Artix7"
# set Device "xc7a200tl"
# set Package "fbg676"
# set Speed "-2L"
# set MapTimePathNumber "3"
# set MapTimeAdvAnalysis "True"
# set PARTimePathNumber "3"
# set PARTimeAdvAnalysis "True"
# puts "### Open existing $myTool project \/home\/sky\/Documents\/MATLAB\/Turbo_codes\/codegen\/tbcdec\/hdlsrc\/vivado_prj\/tbcdec_fixpt_vivado.xpr"
### Open existing Xilinx Vivado 2017.4 project /home/sky/Documents/MATLAB/Turbo_codes/codegen/tbcdec/hdlsrc/vivado_prj/tbcdec_fixpt_vivado.xpr
# open_project ${myProject}
Scanning sources...
Finished scanning sources
# puts "### Running Synthesis in $myTool ..."
### Running Synthesis in Xilinx Vivado 2017.4 ...
# if { [llength [get_runs synth_1] ] > 0 } { reset_run synth_1}
WARNING: [Vivado 12-1017] Problems encountered:
1. Attempt to kill process failed

# launch_runs synth_1 -force
[Tue Apr  9 14:55:59 2019] Launched synth_1...
Run output will be captured here: /home/sky/Documents/MATLAB/Turbo_codes/codegen/tbcdec/hdlsrc/vivado_prj/tbcdec_fixpt_vivado.runs/synth_1/runme.log
# wait_on_run synth_1
[Tue Apr  9 14:55:59 2019] Waiting for synth_1 to finish...

*** Running vivado
    with args -log tbcdec_fixpt.vds -m64 -product Vivado -mode batch -messageDb vivado.pb -notrace -source tbcdec_fixpt.tcl


****** Vivado v2017.4 (64-bit)
  **** SW Build 2086221 on Fri Dec 15 20:54:30 MST 2017
  **** IP Build 2085800 on Fri Dec 15 22:25:07 MST 2017
    ** Copyright 1986-2017 Xilinx, Inc. All Rights Reserved.

source tbcdec_fixpt.tcl -notrace
Command: synth_design -top tbcdec_fixpt -part xc7a200tlfbg676-2L
Starting synth_design
Attempting to get a license for feature 'Synthesis' and/or device 'xc7a200tl'
INFO: [Common 17-349] Got license for feature 'Synthesis' and/or device 'xc7a200tl'
INFO: Launching helper process for spawning children vivado processes
INFO: Helper process launched with PID 15301 
---------------------------------------------------------------------------------
Starting Synthesize : Time (s): cpu = 00:00:06 ; elapsed = 00:00:06 . Memory (MB): peak = 1209.992 ; gain = 65.000 ; free physical = 7642 ; free virtual = 10287
---------------------------------------------------------------------------------
INFO: [Synth 8-638] synthesizing module 'tbcdec_fixpt' [/home/sky/Documents/MATLAB/Turbo_codes/codegen/tbcdec/hdlsrc/tbcdec_fixpt.vhd:43]

*** Running vivado
    with args -log tbcdec_fixpt.vds -m64 -product Vivado -mode batch -messageDb vivado.pb -notrace -source tbcdec_fixpt.tcl


****** Vivado v2017.4 (64-bit)
  **** SW Build 2086221 on Fri Dec 15 20:54:30 MST 2017
  **** IP Build 2085800 on Fri Dec 15 22:25:07 MST 2017
    ** Copyright 1986-2017 Xilinx, Inc. All Rights Reserved.

source tbcdec_fixpt.tcl -notrace
Command: synth_design -top tbcdec_fixpt -part xc7a200tlfbg676-2L
Starting synth_design
Attempting to get a license for feature 'Synthesis' and/or device 'xc7a200tl'
INFO: [Common 17-349] Got license for feature 'Synthesis' and/or device 'xc7a200tl'
INFO: Launching helper process for spawning children vivado processes
INFO: Helper process launched with PID 17872 
---------------------------------------------------------------------------------
Starting Synthesize : Time (s): cpu = 00:00:06 ; elapsed = 00:00:06 . Memory (MB): peak = 1209.996 ; gain = 65.000 ; free physical = 9746 ; free virtual = 11604
---------------------------------------------------------------------------------
INFO: [Synth 8-638] synthesizing module 'tbcdec_fixpt' [/home/sky/Documents/MATLAB/Turbo_codes/codegen/tbcdec/hdlsrc/tbcdec_fixpt.vhd:43]
